Copyright 1986-2020 Xilinx, Inc. All Rights Reserved.
---------------------------------------------------------------------------------------------------
| Tool Version : Vivado v.2020.2 (win64) Build 3064766 Wed Nov 18 09:12:45 MST 2020
| Date         : Thu Jul 16 15:52:18 2026
| Host         : DESKTOP-7CFQ9ND running 64-bit major release  (build 9200)
| Command      : report_drc -file top_drc_routed.rpt -pb top_drc_routed.pb -rpx top_drc_routed.rpx
| Design       : top
| Device       : xc7a35tcpg236-1
| Speed File   : -1
| Design State : Fully Routed
---------------------------------------------------------------------------------------------------

Report DRC

Table of Contents
-----------------
1. REPORT SUMMARY
2. REPORT DETAILS

1. REPORT SUMMARY
-----------------
            Netlist: netlist
          Floorplan: design_1
      Design limits: <entire design considered>
           Ruledeck: default
             Max violations: <unlimited>
             Violations found: 23
+-----------+----------+----------------------------+------------+
| Rule      | Severity | Description                | Violations |
+-----------+----------+----------------------------+------------+
| CHECK-3   | Warning  | Report rule limit reached  | 1          |
| DPIP-1    | Warning  | Input pipelining           | 1          |
| DPOP-2    | Warning  | MREG Output pipelining     | 1          |
| REQP-1839 | Warning  | RAMB36 async control check | 20         |
+-----------+----------+----------------------------+------------+

2. REPORT DETAILS
-----------------
CHECK-3#1 Warning
Report rule limit reached  
REQP-1839 rule limit reached: 20 violations have been found.
Related violations: <none>

DPIP-1#1 Warning
Input pipelining  
DSP U_MainController/U_top_game/U_SCORE/combo_reg0 input U_MainController/U_top_game/U_SCORE/combo_reg0/B[17:0] is not pipelined. Pipelining DSP48 input will improve performance.
Related violations: <none>

DPOP-2#1 Warning
MREG Output pipelining  
DSP U_MainController/U_top_game/U_SCORE/combo_reg0 multiplier stage U_MainController/U_top_game/U_SCORE/combo_reg0/P[47:0] is not pipelined (MREG=0). Pipelining the multiplier function will improve performance and will save significant power so it is suggested whenever possible to fully pipeline this function.  If this multiplier was inferred, it is suggested to describe an additional register stage after this function.  If there is no registered adder/accumulator following the multiply function, two pipeline stages are suggested to allow both the MREG and PREG registers to be used.  If the DSP48 was instantiated in the design, it is suggested to set both the MREG and PREG attributes to 1 when performing multiply functions.
Related violations: <none>

REQP-1839#1 Warning
RAMB36 async control check  
The RAMB36E1 U_VGAcam/U_FrameBuffer/mem_reg_0_1 has an input control pin U_VGAcam/U_FrameBuffer/mem_reg_0_1/ADDRARDADDR[0] (net: U_VGAcam/U_FrameBuffer/mem_reg_0_13_0[0]) which is driven by a register (U_VGAcam/U_OV7670MemController/wAddr_reg[0]_rep) that has an active asychronous set or reset. This may cause corruption of the memory contents and/or read values when the set/reset is asserted and is not analyzed by the default static timing analysis. It is suggested to eliminate the use of a set/reset to registers driving this RAMB pin or else use a synchronous reset in which the assertion of the reset is timed by default.
Related violations: <none>

REQP-1839#2 Warning
RAMB36 async control check  
The RAMB36E1 U_VGAcam/U_FrameBuffer/mem_reg_0_1 has an input control pin U_VGAcam/U_FrameBuffer/mem_reg_0_1/ADDRARDADDR[10] (net: U_VGAcam/U_FrameBuffer/mem_reg_0_13_0[10]) which is driven by a register (U_VGAcam/U_OV7670MemController/wAddr_reg[10]_rep) that has an active asychronous set or reset. This may cause corruption of the memory contents and/or read values when the set/reset is asserted and is not analyzed by the default static timing analysis. It is suggested to eliminate the use of a set/reset to registers driving this RAMB pin or else use a synchronous reset in which the assertion of the reset is timed by default.
Related violations: <none>

REQP-1839#3 Warning
RAMB36 async control check  
The RAMB36E1 U_VGAcam/U_FrameBuffer/mem_reg_0_1 has an input control pin U_VGAcam/U_FrameBuffer/mem_reg_0_1/ADDRARDADDR[11] (net: U_VGAcam/U_FrameBuffer/mem_reg_0_13_0[11]) which is driven by a register (U_VGAcam/U_OV7670MemController/wAddr_reg[11]_rep) that has an active asychronous set or reset. This may cause corruption of the memory contents and/or read values when the set/reset is asserted and is not analyzed by the default static timing analysis. It is suggested to eliminate the use of a set/reset to registers driving this RAMB pin or else use a synchronous reset in which the assertion of the reset is timed by default.
Related violations: <none>

REQP-1839#4 Warning
RAMB36 async control check  
The RAMB36E1 U_VGAcam/U_FrameBuffer/mem_reg_0_1 has an input control pin U_VGAcam/U_FrameBuffer/mem_reg_0_1/ADDRARDADDR[12] (net: U_VGAcam/U_FrameBuffer/ADDRARDADDR[12]) which is driven by a register (U_VGAcam/U_OV7670MemController/wAddr_reg[12]_rep) that has an active asychronous set or reset. This may cause corruption of the memory contents and/or read values when the set/reset is asserted and is not analyzed by the default static timing analysis. It is suggested to eliminate the use of a set/reset to registers driving this RAMB pin or else use a synchronous reset in which the assertion of the reset is timed by default.
Related violations: <none>

REQP-1839#5 Warning
RAMB36 async control check  
The RAMB36E1 U_VGAcam/U_FrameBuffer/mem_reg_0_1 has an input control pin U_VGAcam/U_FrameBuffer/mem_reg_0_1/ADDRARDADDR[13] (net: U_VGAcam/U_FrameBuffer/mem_reg_0_3_0[12]) which is driven by a register (U_VGAcam/U_OV7670MemController/wAddr_reg[13]_rep) that has an active asychronous set or reset. This may cause corruption of the memory contents and/or read values when the set/reset is asserted and is not analyzed by the default static timing analysis. It is suggested to eliminate the use of a set/reset to registers driving this RAMB pin or else use a synchronous reset in which the assertion of the reset is timed by default.
Related violations: <none>

REQP-1839#6 Warning
RAMB36 async control check  
The RAMB36E1 U_VGAcam/U_FrameBuffer/mem_reg_0_1 has an input control pin U_VGAcam/U_FrameBuffer/mem_reg_0_1/ADDRARDADDR[14] (net: U_VGAcam/U_FrameBuffer/ADDRARDADDR[13]) which is driven by a register (U_VGAcam/U_OV7670MemController/wAddr_reg[14]_rep__0) that has an active asychronous set or reset. This may cause corruption of the memory contents and/or read values when the set/reset is asserted and is not analyzed by the default static timing analysis. It is suggested to eliminate the use of a set/reset to registers driving this RAMB pin or else use a synchronous reset in which the assertion of the reset is timed by default.
Related violations: <none>

REQP-1839#7 Warning
RAMB36 async control check  
The RAMB36E1 U_VGAcam/U_FrameBuffer/mem_reg_0_1 has an input control pin U_VGAcam/U_FrameBuffer/mem_reg_0_1/ADDRARDADDR[15] (net: U_VGAcam/U_FrameBuffer/wAddr[3]) which is driven by a register (U_VGAcam/U_OV7670MemController/wAddr_reg[15]) that has an active asychronous set or reset. This may cause corruption of the memory contents and/or read values when the set/reset is asserted and is not analyzed by the default static timing analysis. It is suggested to eliminate the use of a set/reset to registers driving this RAMB pin or else use a synchronous reset in which the assertion of the reset is timed by default.
Related violations: <none>

REQP-1839#8 Warning
RAMB36 async control check  
The RAMB36E1 U_VGAcam/U_FrameBuffer/mem_reg_0_1 has an input control pin U_VGAcam/U_FrameBuffer/mem_reg_0_1/ADDRARDADDR[1] (net: U_VGAcam/U_FrameBuffer/mem_reg_0_13_0[1]) which is driven by a register (U_VGAcam/U_OV7670MemController/wAddr_reg[1]_rep) that has an active asychronous set or reset. This may cause corruption of the memory contents and/or read values when the set/reset is asserted and is not analyzed by the default static timing analysis. It is suggested to eliminate the use of a set/reset to registers driving this RAMB pin or else use a synchronous reset in which the assertion of the reset is timed by default.
Related violations: <none>

REQP-1839#9 Warning
RAMB36 async control check  
The RAMB36E1 U_VGAcam/U_FrameBuffer/mem_reg_0_1 has an input control pin U_VGAcam/U_FrameBuffer/mem_reg_0_1/ADDRARDADDR[2] (net: U_VGAcam/U_FrameBuffer/mem_reg_0_13_0[2]) which is driven by a register (U_VGAcam/U_OV7670MemController/wAddr_reg[2]_rep) that has an active asychronous set or reset. This may cause corruption of the memory contents and/or read values when the set/reset is asserted and is not analyzed by the default static timing analysis. It is suggested to eliminate the use of a set/reset to registers driving this RAMB pin or else use a synchronous reset in which the assertion of the reset is timed by default.
Related violations: <none>

REQP-1839#10 Warning
RAMB36 async control check  
The RAMB36E1 U_VGAcam/U_FrameBuffer/mem_reg_0_1 has an input control pin U_VGAcam/U_FrameBuffer/mem_reg_0_1/ADDRARDADDR[3] (net: U_VGAcam/U_FrameBuffer/mem_reg_0_13_0[3]) which is driven by a register (U_VGAcam/U_OV7670MemController/wAddr_reg[3]_rep) that has an active asychronous set or reset. This may cause corruption of the memory contents and/or read values when the set/reset is asserted and is not analyzed by the default static timing analysis. It is suggested to eliminate the use of a set/reset to registers driving this RAMB pin or else use a synchronous reset in which the assertion of the reset is timed by default.
Related violations: <none>

REQP-1839#11 Warning
RAMB36 async control check  
The RAMB36E1 U_VGAcam/U_FrameBuffer/mem_reg_0_1 has an input control pin U_VGAcam/U_FrameBuffer/mem_reg_0_1/ADDRARDADDR[4] (net: U_VGAcam/U_FrameBuffer/mem_reg_0_13_0[4]) which is driven by a register (U_VGAcam/U_OV7670MemController/wAddr_reg[4]_rep) that has an active asychronous set or reset. This may cause corruption of the memory contents and/or read values when the set/reset is asserted and is not analyzed by the default static timing analysis. It is suggested to eliminate the use of a set/reset to registers driving this RAMB pin or else use a synchronous reset in which the assertion of the reset is timed by default.
Related violations: <none>

REQP-1839#12 Warning
RAMB36 async control check  
The RAMB36E1 U_VGAcam/U_FrameBuffer/mem_reg_0_1 has an input control pin U_VGAcam/U_FrameBuffer/mem_reg_0_1/ADDRARDADDR[5] (net: U_VGAcam/U_FrameBuffer/mem_reg_0_13_0[5]) which is driven by a register (U_VGAcam/U_OV7670MemController/wAddr_reg[5]_rep) that has an active asychronous set or reset. This may cause corruption of the memory contents and/or read values when the set/reset is asserted and is not analyzed by the default static timing analysis. It is suggested to eliminate the use of a set/reset to registers driving this RAMB pin or else use a synchronous reset in which the assertion of the reset is timed by default.
Related violations: <none>

REQP-1839#13 Warning
RAMB36 async control check  
The RAMB36E1 U_VGAcam/U_FrameBuffer/mem_reg_0_1 has an input control pin U_VGAcam/U_FrameBuffer/mem_reg_0_1/ADDRARDADDR[6] (net: U_VGAcam/U_FrameBuffer/mem_reg_0_13_0[6]) which is driven by a register (U_VGAcam/U_OV7670MemController/wAddr_reg[6]_rep) that has an active asychronous set or reset. This may cause corruption of the memory contents and/or read values when the set/reset is asserted and is not analyzed by the default static timing analysis. It is suggested to eliminate the use of a set/reset to registers driving this RAMB pin or else use a synchronous reset in which the assertion of the reset is timed by default.
Related violations: <none>

REQP-1839#14 Warning
RAMB36 async control check  
The RAMB36E1 U_VGAcam/U_FrameBuffer/mem_reg_0_1 has an input control pin U_VGAcam/U_FrameBuffer/mem_reg_0_1/ADDRARDADDR[7] (net: U_VGAcam/U_FrameBuffer/mem_reg_0_13_0[7]) which is driven by a register (U_VGAcam/U_OV7670MemController/wAddr_reg[7]_rep) that has an active asychronous set or reset. This may cause corruption of the memory contents and/or read values when the set/reset is asserted and is not analyzed by the default static timing analysis. It is suggested to eliminate the use of a set/reset to registers driving this RAMB pin or else use a synchronous reset in which the assertion of the reset is timed by default.
Related violations: <none>

REQP-1839#15 Warning
RAMB36 async control check  
The RAMB36E1 U_VGAcam/U_FrameBuffer/mem_reg_0_1 has an input control pin U_VGAcam/U_FrameBuffer/mem_reg_0_1/ADDRARDADDR[8] (net: U_VGAcam/U_FrameBuffer/mem_reg_0_13_0[8]) which is driven by a register (U_VGAcam/U_OV7670MemController/wAddr_reg[8]_rep) that has an active asychronous set or reset. This may cause corruption of the memory contents and/or read values when the set/reset is asserted and is not analyzed by the default static timing analysis. It is suggested to eliminate the use of a set/reset to registers driving this RAMB pin or else use a synchronous reset in which the assertion of the reset is timed by default.
Related violations: <none>

REQP-1839#16 Warning
RAMB36 async control check  
The RAMB36E1 U_VGAcam/U_FrameBuffer/mem_reg_0_1 has an input control pin U_VGAcam/U_FrameBuffer/mem_reg_0_1/ADDRARDADDR[9] (net: U_VGAcam/U_FrameBuffer/mem_reg_0_13_0[9]) which is driven by a register (U_VGAcam/U_OV7670MemController/wAddr_reg[9]_rep) that has an active asychronous set or reset. This may cause corruption of the memory contents and/or read values when the set/reset is asserted and is not analyzed by the default static timing analysis. It is suggested to eliminate the use of a set/reset to registers driving this RAMB pin or else use a synchronous reset in which the assertion of the reset is timed by default.
Related violations: <none>

REQP-1839#17 Warning
RAMB36 async control check  
The RAMB36E1 U_VGAcam/U_FrameBuffer/mem_reg_0_1 has an input control pin U_VGAcam/U_FrameBuffer/mem_reg_0_1/ADDRBWRADDR[15] (net: U_VGAcam/U_FrameBuffer/imgPxlAddr[9]) which is driven by a register (U_VGAcam/U_VGA_Decoder/u_pixel_counter/v_count_reg[3]) that has an active asychronous set or reset. This may cause corruption of the memory contents and/or read values when the set/reset is asserted and is not analyzed by the default static timing analysis. It is suggested to eliminate the use of a set/reset to registers driving this RAMB pin or else use a synchronous reset in which the assertion of the reset is timed by default.
Related violations: <none>

REQP-1839#18 Warning
RAMB36 async control check  
The RAMB36E1 U_VGAcam/U_FrameBuffer/mem_reg_0_1 has an input control pin U_VGAcam/U_FrameBuffer/mem_reg_0_1/ADDRBWRADDR[15] (net: U_VGAcam/U_FrameBuffer/imgPxlAddr[9]) which is driven by a register (U_VGAcam/U_VGA_Decoder/u_pixel_counter/v_count_reg[4]) that has an active asychronous set or reset. This may cause corruption of the memory contents and/or read values when the set/reset is asserted and is not analyzed by the default static timing analysis. It is suggested to eliminate the use of a set/reset to registers driving this RAMB pin or else use a synchronous reset in which the assertion of the reset is timed by default.
Related violations: <none>

REQP-1839#19 Warning
RAMB36 async control check  
The RAMB36E1 U_VGAcam/U_FrameBuffer/mem_reg_0_1 has an input control pin U_VGAcam/U_FrameBuffer/mem_reg_0_1/ADDRBWRADDR[15] (net: U_VGAcam/U_FrameBuffer/imgPxlAddr[9]) which is driven by a register (U_VGAcam/U_VGA_Decoder/u_pixel_counter/v_count_reg[5]) that has an active asychronous set or reset. This may cause corruption of the memory contents and/or read values when the set/reset is asserted and is not analyzed by the default static timing analysis. It is suggested to eliminate the use of a set/reset to registers driving this RAMB pin or else use a synchronous reset in which the assertion of the reset is timed by default.
Related violations: <none>

REQP-1839#20 Warning
RAMB36 async control check  
The RAMB36E1 U_VGAcam/U_FrameBuffer/mem_reg_0_1 has an input control pin U_VGAcam/U_FrameBuffer/mem_reg_0_1/ADDRBWRADDR[15] (net: U_VGAcam/U_FrameBuffer/imgPxlAddr[9]) which is driven by a register (U_VGAcam/U_VGA_Decoder/u_pixel_counter/v_count_reg[8]) that has an active asychronous set or reset. This may cause corruption of the memory contents and/or read values when the set/reset is asserted and is not analyzed by the default static timing analysis. It is suggested to eliminate the use of a set/reset to registers driving this RAMB pin or else use a synchronous reset in which the assertion of the reset is timed by default.
Related violations: <none>


