Copyright 1986-2020 Xilinx, Inc. All Rights Reserved.
-----------------------------------------------------------------------------------------------------------------------------------------------
| Tool Version : Vivado v.2020.2 (win64) Build 3064766 Wed Nov 18 09:12:45 MST 2020
| Date         : Thu Jul 16 15:52:19 2026
| Host         : DESKTOP-7CFQ9ND running 64-bit major release  (build 9200)
| Command      : report_methodology -file top_methodology_drc_routed.rpt -pb top_methodology_drc_routed.pb -rpx top_methodology_drc_routed.rpx
| Design       : top
| Device       : xc7a35tcpg236-1
| Speed File   : -1
| Design State : Fully Routed
-----------------------------------------------------------------------------------------------------------------------------------------------

Report Methodology

Table of Contents
-----------------
1. REPORT SUMMARY
2. REPORT DETAILS

1. REPORT SUMMARY
-----------------
            Netlist: netlist
          Floorplan: design_1
      Design limits: <entire design considered>
             Max violations: <unlimited>
             Violations found: 286
+-----------+------------------+----------------------------------------------------+------------+
| Rule      | Severity         | Description                                        | Violations |
+-----------+------------------+----------------------------------------------------+------------+
| TIMING-4  | Critical Warning | Invalid primary clock redefinition on a clock tree | 1          |
| TIMING-6  | Critical Warning | No common primary clock between related clocks     | 1          |
| TIMING-7  | Critical Warning | No common node between related clocks              | 1          |
| TIMING-17 | Critical Warning | Non-clocked sequential cell                        | 232        |
| TIMING-27 | Critical Warning | Invalid primary clock on hierarchical pin          | 1          |
| DPIR-1    | Warning          | Asynchronous driver check                          | 20         |
| LUTAR-1   | Warning          | LUT drives async reset alert                       | 1          |
| TIMING-18 | Warning          | Missing input or output delay                      | 29         |
+-----------+------------------+----------------------------------------------------+------------+

2. REPORT DETAILS
-----------------
TIMING-4#1 Critical Warning
Invalid primary clock redefinition on a clock tree  
Invalid clock redefinition on a clock tree. The primary clock instance_name/inst/clk_in1 is defined downstream of clock sys_clk_pin and overrides its insertion delay and/or waveform definition
Related violations: <none>

TIMING-6#1 Critical Warning
No common primary clock between related clocks  
The clocks clk_100M_clk_wiz_0 and sys_clk_pin are related (timed together) but they have no common primary clock. The design could fail in hardware. To find a timing path between these clocks, run the following command: report_timing -from [get_clocks clk_100M_clk_wiz_0] -to [get_clocks sys_clk_pin]
Related violations: <none>

TIMING-7#1 Critical Warning
No common node between related clocks  
The clocks clk_100M_clk_wiz_0 and sys_clk_pin are related (timed together) but they have no common node. The design could fail in hardware. To find a timing path between these clocks, run the following command: report_timing -from [get_clocks clk_100M_clk_wiz_0] -to [get_clocks sys_clk_pin]
Related violations: <none>

TIMING-17#1 Critical Warning
Non-clocked sequential cell  
The clock pin U_VGAcam/U_FrameBuffer/mem_reg_0_1/CLKARDCLK is not reached by a timing clock
Related violations: <none>

TIMING-17#2 Critical Warning
Non-clocked sequential cell  
The clock pin U_VGAcam/U_FrameBuffer/mem_reg_0_1/CLKBWRCLK is not reached by a timing clock
Related violations: <none>

TIMING-17#3 Critical Warning
Non-clocked sequential cell  
The clock pin U_VGAcam/U_FrameBuffer/mem_reg_0_10/CLKARDCLK is not reached by a timing clock
Related violations: <none>

TIMING-17#4 Critical Warning
Non-clocked sequential cell  
The clock pin U_VGAcam/U_FrameBuffer/mem_reg_0_10/CLKBWRCLK is not reached by a timing clock
Related violations: <none>

TIMING-17#5 Critical Warning
Non-clocked sequential cell  
The clock pin U_VGAcam/U_FrameBuffer/mem_reg_0_11/CLKARDCLK is not reached by a timing clock
Related violations: <none>

TIMING-17#6 Critical Warning
Non-clocked sequential cell  
The clock pin U_VGAcam/U_FrameBuffer/mem_reg_0_11/CLKBWRCLK is not reached by a timing clock
Related violations: <none>

TIMING-17#7 Critical Warning
Non-clocked sequential cell  
The clock pin U_VGAcam/U_FrameBuffer/mem_reg_0_12/CLKARDCLK is not reached by a timing clock
Related violations: <none>

TIMING-17#8 Critical Warning
Non-clocked sequential cell  
The clock pin U_VGAcam/U_FrameBuffer/mem_reg_0_12/CLKBWRCLK is not reached by a timing clock
Related violations: <none>

TIMING-17#9 Critical Warning
Non-clocked sequential cell  
The clock pin U_VGAcam/U_FrameBuffer/mem_reg_0_13/CLKARDCLK is not reached by a timing clock
Related violations: <none>

TIMING-17#10 Critical Warning
Non-clocked sequential cell  
The clock pin U_VGAcam/U_FrameBuffer/mem_reg_0_13/CLKBWRCLK is not reached by a timing clock
Related violations: <none>

TIMING-17#11 Critical Warning
Non-clocked sequential cell  
The clock pin U_VGAcam/U_FrameBuffer/mem_reg_0_14/CLKARDCLK is not reached by a timing clock
Related violations: <none>

TIMING-17#12 Critical Warning
Non-clocked sequential cell  
The clock pin U_VGAcam/U_FrameBuffer/mem_reg_0_14/CLKBWRCLK is not reached by a timing clock
Related violations: <none>

TIMING-17#13 Critical Warning
Non-clocked sequential cell  
The clock pin U_VGAcam/U_FrameBuffer/mem_reg_0_15/CLKARDCLK is not reached by a timing clock
Related violations: <none>

TIMING-17#14 Critical Warning
Non-clocked sequential cell  
The clock pin U_VGAcam/U_FrameBuffer/mem_reg_0_15/CLKBWRCLK is not reached by a timing clock
Related violations: <none>

TIMING-17#15 Critical Warning
Non-clocked sequential cell  
The clock pin U_VGAcam/U_FrameBuffer/mem_reg_0_2/CLKARDCLK is not reached by a timing clock
Related violations: <none>

TIMING-17#16 Critical Warning
Non-clocked sequential cell  
The clock pin U_VGAcam/U_FrameBuffer/mem_reg_0_2/CLKBWRCLK is not reached by a timing clock
Related violations: <none>

TIMING-17#17 Critical Warning
Non-clocked sequential cell  
The clock pin U_VGAcam/U_FrameBuffer/mem_reg_0_3/CLKARDCLK is not reached by a timing clock
Related violations: <none>

TIMING-17#18 Critical Warning
Non-clocked sequential cell  
The clock pin U_VGAcam/U_FrameBuffer/mem_reg_0_3/CLKBWRCLK is not reached by a timing clock
Related violations: <none>

TIMING-17#19 Critical Warning
Non-clocked sequential cell  
The clock pin U_VGAcam/U_FrameBuffer/mem_reg_0_4/CLKARDCLK is not reached by a timing clock
Related violations: <none>

TIMING-17#20 Critical Warning
Non-clocked sequential cell  
The clock pin U_VGAcam/U_FrameBuffer/mem_reg_0_4/CLKBWRCLK is not reached by a timing clock
Related violations: <none>

TIMING-17#21 Critical Warning
Non-clocked sequential cell  
The clock pin U_VGAcam/U_FrameBuffer/mem_reg_0_7/CLKARDCLK is not reached by a timing clock
Related violations: <none>

TIMING-17#22 Critical Warning
Non-clocked sequential cell  
The clock pin U_VGAcam/U_FrameBuffer/mem_reg_0_7/CLKBWRCLK is not reached by a timing clock
Related violations: <none>

TIMING-17#23 Critical Warning
Non-clocked sequential cell  
The clock pin U_VGAcam/U_FrameBuffer/mem_reg_0_8/CLKARDCLK is not reached by a timing clock
Related violations: <none>

TIMING-17#24 Critical Warning
Non-clocked sequential cell  
The clock pin U_VGAcam/U_FrameBuffer/mem_reg_0_8/CLKBWRCLK is not reached by a timing clock
Related violations: <none>

TIMING-17#25 Critical Warning
Non-clocked sequential cell  
The clock pin U_VGAcam/U_FrameBuffer/mem_reg_0_9/CLKARDCLK is not reached by a timing clock
Related violations: <none>

TIMING-17#26 Critical Warning
Non-clocked sequential cell  
The clock pin U_VGAcam/U_FrameBuffer/mem_reg_0_9/CLKBWRCLK is not reached by a timing clock
Related violations: <none>

TIMING-17#27 Critical Warning
Non-clocked sequential cell  
The clock pin U_VGAcam/U_FrameBuffer/mem_reg_1_1/CLKARDCLK is not reached by a timing clock
Related violations: <none>

TIMING-17#28 Critical Warning
Non-clocked sequential cell  
The clock pin U_VGAcam/U_FrameBuffer/mem_reg_1_1/CLKBWRCLK is not reached by a timing clock
Related violations: <none>

TIMING-17#29 Critical Warning
Non-clocked sequential cell  
The clock pin U_VGAcam/U_FrameBuffer/mem_reg_1_10/CLKARDCLK is not reached by a timing clock
Related violations: <none>

TIMING-17#30 Critical Warning
Non-clocked sequential cell  
The clock pin U_VGAcam/U_FrameBuffer/mem_reg_1_10/CLKBWRCLK is not reached by a timing clock
Related violations: <none>

TIMING-17#31 Critical Warning
Non-clocked sequential cell  
The clock pin U_VGAcam/U_FrameBuffer/mem_reg_1_10__0/CLKARDCLK is not reached by a timing clock
Related violations: <none>

TIMING-17#32 Critical Warning
Non-clocked sequential cell  
The clock pin U_VGAcam/U_FrameBuffer/mem_reg_1_10__0/CLKBWRCLK is not reached by a timing clock
Related violations: <none>

TIMING-17#33 Critical Warning
Non-clocked sequential cell  
The clock pin U_VGAcam/U_FrameBuffer/mem_reg_1_11/CLKARDCLK is not reached by a timing clock
Related violations: <none>

TIMING-17#34 Critical Warning
Non-clocked sequential cell  
The clock pin U_VGAcam/U_FrameBuffer/mem_reg_1_11/CLKBWRCLK is not reached by a timing clock
Related violations: <none>

TIMING-17#35 Critical Warning
Non-clocked sequential cell  
The clock pin U_VGAcam/U_FrameBuffer/mem_reg_1_11__0/CLKARDCLK is not reached by a timing clock
Related violations: <none>

TIMING-17#36 Critical Warning
Non-clocked sequential cell  
The clock pin U_VGAcam/U_FrameBuffer/mem_reg_1_11__0/CLKBWRCLK is not reached by a timing clock
Related violations: <none>

TIMING-17#37 Critical Warning
Non-clocked sequential cell  
The clock pin U_VGAcam/U_FrameBuffer/mem_reg_1_12/CLKARDCLK is not reached by a timing clock
Related violations: <none>

TIMING-17#38 Critical Warning
Non-clocked sequential cell  
The clock pin U_VGAcam/U_FrameBuffer/mem_reg_1_12/CLKBWRCLK is not reached by a timing clock
Related violations: <none>

TIMING-17#39 Critical Warning
Non-clocked sequential cell  
The clock pin U_VGAcam/U_FrameBuffer/mem_reg_1_12__0/CLKARDCLK is not reached by a timing clock
Related violations: <none>

TIMING-17#40 Critical Warning
Non-clocked sequential cell  
The clock pin U_VGAcam/U_FrameBuffer/mem_reg_1_12__0/CLKBWRCLK is not reached by a timing clock
Related violations: <none>

TIMING-17#41 Critical Warning
Non-clocked sequential cell  
The clock pin U_VGAcam/U_FrameBuffer/mem_reg_1_13/CLKARDCLK is not reached by a timing clock
Related violations: <none>

TIMING-17#42 Critical Warning
Non-clocked sequential cell  
The clock pin U_VGAcam/U_FrameBuffer/mem_reg_1_13/CLKBWRCLK is not reached by a timing clock
Related violations: <none>

TIMING-17#43 Critical Warning
Non-clocked sequential cell  
The clock pin U_VGAcam/U_FrameBuffer/mem_reg_1_13__0/CLKARDCLK is not reached by a timing clock
Related violations: <none>

TIMING-17#44 Critical Warning
Non-clocked sequential cell  
The clock pin U_VGAcam/U_FrameBuffer/mem_reg_1_13__0/CLKBWRCLK is not reached by a timing clock
Related violations: <none>

TIMING-17#45 Critical Warning
Non-clocked sequential cell  
The clock pin U_VGAcam/U_FrameBuffer/mem_reg_1_14/CLKARDCLK is not reached by a timing clock
Related violations: <none>

TIMING-17#46 Critical Warning
Non-clocked sequential cell  
The clock pin U_VGAcam/U_FrameBuffer/mem_reg_1_14/CLKBWRCLK is not reached by a timing clock
Related violations: <none>

TIMING-17#47 Critical Warning
Non-clocked sequential cell  
The clock pin U_VGAcam/U_FrameBuffer/mem_reg_1_14__0/CLKARDCLK is not reached by a timing clock
Related violations: <none>

TIMING-17#48 Critical Warning
Non-clocked sequential cell  
The clock pin U_VGAcam/U_FrameBuffer/mem_reg_1_14__0/CLKBWRCLK is not reached by a timing clock
Related violations: <none>

TIMING-17#49 Critical Warning
Non-clocked sequential cell  
The clock pin U_VGAcam/U_FrameBuffer/mem_reg_1_15/CLKARDCLK is not reached by a timing clock
Related violations: <none>

TIMING-17#50 Critical Warning
Non-clocked sequential cell  
The clock pin U_VGAcam/U_FrameBuffer/mem_reg_1_15/CLKBWRCLK is not reached by a timing clock
Related violations: <none>

TIMING-17#51 Critical Warning
Non-clocked sequential cell  
The clock pin U_VGAcam/U_FrameBuffer/mem_reg_1_15__0/CLKARDCLK is not reached by a timing clock
Related violations: <none>

TIMING-17#52 Critical Warning
Non-clocked sequential cell  
The clock pin U_VGAcam/U_FrameBuffer/mem_reg_1_15__0/CLKBWRCLK is not reached by a timing clock
Related violations: <none>

TIMING-17#53 Critical Warning
Non-clocked sequential cell  
The clock pin U_VGAcam/U_FrameBuffer/mem_reg_1_1__0/CLKARDCLK is not reached by a timing clock
Related violations: <none>

TIMING-17#54 Critical Warning
Non-clocked sequential cell  
The clock pin U_VGAcam/U_FrameBuffer/mem_reg_1_1__0/CLKBWRCLK is not reached by a timing clock
Related violations: <none>

TIMING-17#55 Critical Warning
Non-clocked sequential cell  
The clock pin U_VGAcam/U_FrameBuffer/mem_reg_1_2/CLKARDCLK is not reached by a timing clock
Related violations: <none>

TIMING-17#56 Critical Warning
Non-clocked sequential cell  
The clock pin U_VGAcam/U_FrameBuffer/mem_reg_1_2/CLKBWRCLK is not reached by a timing clock
Related violations: <none>

TIMING-17#57 Critical Warning
Non-clocked sequential cell  
The clock pin U_VGAcam/U_FrameBuffer/mem_reg_1_2__0/CLKARDCLK is not reached by a timing clock
Related violations: <none>

TIMING-17#58 Critical Warning
Non-clocked sequential cell  
The clock pin U_VGAcam/U_FrameBuffer/mem_reg_1_2__0/CLKBWRCLK is not reached by a timing clock
Related violations: <none>

TIMING-17#59 Critical Warning
Non-clocked sequential cell  
The clock pin U_VGAcam/U_FrameBuffer/mem_reg_1_3/CLKARDCLK is not reached by a timing clock
Related violations: <none>

TIMING-17#60 Critical Warning
Non-clocked sequential cell  
The clock pin U_VGAcam/U_FrameBuffer/mem_reg_1_3/CLKBWRCLK is not reached by a timing clock
Related violations: <none>

TIMING-17#61 Critical Warning
Non-clocked sequential cell  
The clock pin U_VGAcam/U_FrameBuffer/mem_reg_1_3__0/CLKARDCLK is not reached by a timing clock
Related violations: <none>

TIMING-17#62 Critical Warning
Non-clocked sequential cell  
The clock pin U_VGAcam/U_FrameBuffer/mem_reg_1_3__0/CLKBWRCLK is not reached by a timing clock
Related violations: <none>

TIMING-17#63 Critical Warning
Non-clocked sequential cell  
The clock pin U_VGAcam/U_FrameBuffer/mem_reg_1_4/CLKARDCLK is not reached by a timing clock
Related violations: <none>

TIMING-17#64 Critical Warning
Non-clocked sequential cell  
The clock pin U_VGAcam/U_FrameBuffer/mem_reg_1_4/CLKBWRCLK is not reached by a timing clock
Related violations: <none>

TIMING-17#65 Critical Warning
Non-clocked sequential cell  
The clock pin U_VGAcam/U_FrameBuffer/mem_reg_1_4__0/CLKARDCLK is not reached by a timing clock
Related violations: <none>

TIMING-17#66 Critical Warning
Non-clocked sequential cell  
The clock pin U_VGAcam/U_FrameBuffer/mem_reg_1_4__0/CLKBWRCLK is not reached by a timing clock
Related violations: <none>

TIMING-17#67 Critical Warning
Non-clocked sequential cell  
The clock pin U_VGAcam/U_FrameBuffer/mem_reg_1_7/CLKARDCLK is not reached by a timing clock
Related violations: <none>

TIMING-17#68 Critical Warning
Non-clocked sequential cell  
The clock pin U_VGAcam/U_FrameBuffer/mem_reg_1_7/CLKBWRCLK is not reached by a timing clock
Related violations: <none>

TIMING-17#69 Critical Warning
Non-clocked sequential cell  
The clock pin U_VGAcam/U_FrameBuffer/mem_reg_1_7__0/CLKARDCLK is not reached by a timing clock
Related violations: <none>

TIMING-17#70 Critical Warning
Non-clocked sequential cell  
The clock pin U_VGAcam/U_FrameBuffer/mem_reg_1_7__0/CLKBWRCLK is not reached by a timing clock
Related violations: <none>

TIMING-17#71 Critical Warning
Non-clocked sequential cell  
The clock pin U_VGAcam/U_FrameBuffer/mem_reg_1_8/CLKARDCLK is not reached by a timing clock
Related violations: <none>

TIMING-17#72 Critical Warning
Non-clocked sequential cell  
The clock pin U_VGAcam/U_FrameBuffer/mem_reg_1_8/CLKBWRCLK is not reached by a timing clock
Related violations: <none>

TIMING-17#73 Critical Warning
Non-clocked sequential cell  
The clock pin U_VGAcam/U_FrameBuffer/mem_reg_1_8__0/CLKARDCLK is not reached by a timing clock
Related violations: <none>

TIMING-17#74 Critical Warning
Non-clocked sequential cell  
The clock pin U_VGAcam/U_FrameBuffer/mem_reg_1_8__0/CLKBWRCLK is not reached by a timing clock
Related violations: <none>

TIMING-17#75 Critical Warning
Non-clocked sequential cell  
The clock pin U_VGAcam/U_FrameBuffer/mem_reg_1_9/CLKARDCLK is not reached by a timing clock
Related violations: <none>

TIMING-17#76 Critical Warning
Non-clocked sequential cell  
The clock pin U_VGAcam/U_FrameBuffer/mem_reg_1_9/CLKBWRCLK is not reached by a timing clock
Related violations: <none>

TIMING-17#77 Critical Warning
Non-clocked sequential cell  
The clock pin U_VGAcam/U_FrameBuffer/mem_reg_1_9__0/CLKARDCLK is not reached by a timing clock
Related violations: <none>

TIMING-17#78 Critical Warning
Non-clocked sequential cell  
The clock pin U_VGAcam/U_FrameBuffer/mem_reg_1_9__0/CLKBWRCLK is not reached by a timing clock
Related violations: <none>

TIMING-17#79 Critical Warning
Non-clocked sequential cell  
The clock pin U_VGAcam/U_FrameBuffer/mem_reg_mux_sel__14/C is not reached by a timing clock
Related violations: <none>

TIMING-17#80 Critical Warning
Non-clocked sequential cell  
The clock pin U_VGAcam/U_FrameBuffer/mem_reg_mux_sel__46/C is not reached by a timing clock
Related violations: <none>

TIMING-17#81 Critical Warning
Non-clocked sequential cell  
The clock pin U_VGAcam/U_OV7670MemController/pixelData_reg[10]/C is not reached by a timing clock
Related violations: <none>

TIMING-17#82 Critical Warning
Non-clocked sequential cell  
The clock pin U_VGAcam/U_OV7670MemController/pixelData_reg[11]/C is not reached by a timing clock
Related violations: <none>

TIMING-17#83 Critical Warning
Non-clocked sequential cell  
The clock pin U_VGAcam/U_OV7670MemController/pixelData_reg[12]/C is not reached by a timing clock
Related violations: <none>

TIMING-17#84 Critical Warning
Non-clocked sequential cell  
The clock pin U_VGAcam/U_OV7670MemController/pixelData_reg[13]/C is not reached by a timing clock
Related violations: <none>

TIMING-17#85 Critical Warning
Non-clocked sequential cell  
The clock pin U_VGAcam/U_OV7670MemController/pixelData_reg[14]/C is not reached by a timing clock
Related violations: <none>

TIMING-17#86 Critical Warning
Non-clocked sequential cell  
The clock pin U_VGAcam/U_OV7670MemController/pixelData_reg[15]/C is not reached by a timing clock
Related violations: <none>

TIMING-17#87 Critical Warning
Non-clocked sequential cell  
The clock pin U_VGAcam/U_OV7670MemController/pixelData_reg[1]/C is not reached by a timing clock
Related violations: <none>

TIMING-17#88 Critical Warning
Non-clocked sequential cell  
The clock pin U_VGAcam/U_OV7670MemController/pixelData_reg[2]/C is not reached by a timing clock
Related violations: <none>

TIMING-17#89 Critical Warning
Non-clocked sequential cell  
The clock pin U_VGAcam/U_OV7670MemController/pixelData_reg[3]/C is not reached by a timing clock
Related violations: <none>

TIMING-17#90 Critical Warning
Non-clocked sequential cell  
The clock pin U_VGAcam/U_OV7670MemController/pixelData_reg[4]/C is not reached by a timing clock
Related violations: <none>

TIMING-17#91 Critical Warning
Non-clocked sequential cell  
The clock pin U_VGAcam/U_OV7670MemController/pixelData_reg[7]/C is not reached by a timing clock
Related violations: <none>

TIMING-17#92 Critical Warning
Non-clocked sequential cell  
The clock pin U_VGAcam/U_OV7670MemController/pixelData_reg[8]/C is not reached by a timing clock
Related violations: <none>

TIMING-17#93 Critical Warning
Non-clocked sequential cell  
The clock pin U_VGAcam/U_OV7670MemController/pixelData_reg[9]/C is not reached by a timing clock
Related violations: <none>

TIMING-17#94 Critical Warning
Non-clocked sequential cell  
The clock pin U_VGAcam/U_OV7670MemController/pixelEvenOdd_reg/C is not reached by a timing clock
Related violations: <none>

TIMING-17#95 Critical Warning
Non-clocked sequential cell  
The clock pin U_VGAcam/U_OV7670MemController/wAddr_reg[0]/C is not reached by a timing clock
Related violations: <none>

TIMING-17#96 Critical Warning
Non-clocked sequential cell  
The clock pin U_VGAcam/U_OV7670MemController/wAddr_reg[0]_rep/C is not reached by a timing clock
Related violations: <none>

TIMING-17#97 Critical Warning
Non-clocked sequential cell  
The clock pin U_VGAcam/U_OV7670MemController/wAddr_reg[0]_rep__0/C is not reached by a timing clock
Related violations: <none>

TIMING-17#98 Critical Warning
Non-clocked sequential cell  
The clock pin U_VGAcam/U_OV7670MemController/wAddr_reg[0]_rep__1/C is not reached by a timing clock
Related violations: <none>

TIMING-17#99 Critical Warning
Non-clocked sequential cell  
The clock pin U_VGAcam/U_OV7670MemController/wAddr_reg[0]_rep__2/C is not reached by a timing clock
Related violations: <none>

TIMING-17#100 Critical Warning
Non-clocked sequential cell  
The clock pin U_VGAcam/U_OV7670MemController/wAddr_reg[10]/C is not reached by a timing clock
Related violations: <none>

TIMING-17#101 Critical Warning
Non-clocked sequential cell  
The clock pin U_VGAcam/U_OV7670MemController/wAddr_reg[10]_rep/C is not reached by a timing clock
Related violations: <none>

TIMING-17#102 Critical Warning
Non-clocked sequential cell  
The clock pin U_VGAcam/U_OV7670MemController/wAddr_reg[10]_rep__0/C is not reached by a timing clock
Related violations: <none>

TIMING-17#103 Critical Warning
Non-clocked sequential cell  
The clock pin U_VGAcam/U_OV7670MemController/wAddr_reg[10]_rep__1/C is not reached by a timing clock
Related violations: <none>

TIMING-17#104 Critical Warning
Non-clocked sequential cell  
The clock pin U_VGAcam/U_OV7670MemController/wAddr_reg[10]_rep__2/C is not reached by a timing clock
Related violations: <none>

TIMING-17#105 Critical Warning
Non-clocked sequential cell  
The clock pin U_VGAcam/U_OV7670MemController/wAddr_reg[11]/C is not reached by a timing clock
Related violations: <none>

TIMING-17#106 Critical Warning
Non-clocked sequential cell  
The clock pin U_VGAcam/U_OV7670MemController/wAddr_reg[11]_rep/C is not reached by a timing clock
Related violations: <none>

TIMING-17#107 Critical Warning
Non-clocked sequential cell  
The clock pin U_VGAcam/U_OV7670MemController/wAddr_reg[11]_rep__0/C is not reached by a timing clock
Related violations: <none>

TIMING-17#108 Critical Warning
Non-clocked sequential cell  
The clock pin U_VGAcam/U_OV7670MemController/wAddr_reg[11]_rep__1/C is not reached by a timing clock
Related violations: <none>

TIMING-17#109 Critical Warning
Non-clocked sequential cell  
The clock pin U_VGAcam/U_OV7670MemController/wAddr_reg[11]_rep__2/C is not reached by a timing clock
Related violations: <none>

TIMING-17#110 Critical Warning
Non-clocked sequential cell  
The clock pin U_VGAcam/U_OV7670MemController/wAddr_reg[12]/C is not reached by a timing clock
Related violations: <none>

TIMING-17#111 Critical Warning
Non-clocked sequential cell  
The clock pin U_VGAcam/U_OV7670MemController/wAddr_reg[12]_rep/C is not reached by a timing clock
Related violations: <none>

TIMING-17#112 Critical Warning
Non-clocked sequential cell  
The clock pin U_VGAcam/U_OV7670MemController/wAddr_reg[13]/C is not reached by a timing clock
Related violations: <none>

TIMING-17#113 Critical Warning
Non-clocked sequential cell  
The clock pin U_VGAcam/U_OV7670MemController/wAddr_reg[13]_rep/C is not reached by a timing clock
Related violations: <none>

TIMING-17#114 Critical Warning
Non-clocked sequential cell  
The clock pin U_VGAcam/U_OV7670MemController/wAddr_reg[13]_rep__0/C is not reached by a timing clock
Related violations: <none>

TIMING-17#115 Critical Warning
Non-clocked sequential cell  
The clock pin U_VGAcam/U_OV7670MemController/wAddr_reg[14]/C is not reached by a timing clock
Related violations: <none>

TIMING-17#116 Critical Warning
Non-clocked sequential cell  
The clock pin U_VGAcam/U_OV7670MemController/wAddr_reg[14]_rep/C is not reached by a timing clock
Related violations: <none>

TIMING-17#117 Critical Warning
Non-clocked sequential cell  
The clock pin U_VGAcam/U_OV7670MemController/wAddr_reg[14]_rep__0/C is not reached by a timing clock
Related violations: <none>

TIMING-17#118 Critical Warning
Non-clocked sequential cell  
The clock pin U_VGAcam/U_OV7670MemController/wAddr_reg[15]/C is not reached by a timing clock
Related violations: <none>

TIMING-17#119 Critical Warning
Non-clocked sequential cell  
The clock pin U_VGAcam/U_OV7670MemController/wAddr_reg[16]/C is not reached by a timing clock
Related violations: <none>

TIMING-17#120 Critical Warning
Non-clocked sequential cell  
The clock pin U_VGAcam/U_OV7670MemController/wAddr_reg[1]/C is not reached by a timing clock
Related violations: <none>

TIMING-17#121 Critical Warning
Non-clocked sequential cell  
The clock pin U_VGAcam/U_OV7670MemController/wAddr_reg[1]_rep/C is not reached by a timing clock
Related violations: <none>

TIMING-17#122 Critical Warning
Non-clocked sequential cell  
The clock pin U_VGAcam/U_OV7670MemController/wAddr_reg[1]_rep__0/C is not reached by a timing clock
Related violations: <none>

TIMING-17#123 Critical Warning
Non-clocked sequential cell  
The clock pin U_VGAcam/U_OV7670MemController/wAddr_reg[1]_rep__1/C is not reached by a timing clock
Related violations: <none>

TIMING-17#124 Critical Warning
Non-clocked sequential cell  
The clock pin U_VGAcam/U_OV7670MemController/wAddr_reg[1]_rep__2/C is not reached by a timing clock
Related violations: <none>

TIMING-17#125 Critical Warning
Non-clocked sequential cell  
The clock pin U_VGAcam/U_OV7670MemController/wAddr_reg[2]/C is not reached by a timing clock
Related violations: <none>

TIMING-17#126 Critical Warning
Non-clocked sequential cell  
The clock pin U_VGAcam/U_OV7670MemController/wAddr_reg[2]_rep/C is not reached by a timing clock
Related violations: <none>

TIMING-17#127 Critical Warning
Non-clocked sequential cell  
The clock pin U_VGAcam/U_OV7670MemController/wAddr_reg[2]_rep__0/C is not reached by a timing clock
Related violations: <none>

TIMING-17#128 Critical Warning
Non-clocked sequential cell  
The clock pin U_VGAcam/U_OV7670MemController/wAddr_reg[2]_rep__1/C is not reached by a timing clock
Related violations: <none>

TIMING-17#129 Critical Warning
Non-clocked sequential cell  
The clock pin U_VGAcam/U_OV7670MemController/wAddr_reg[2]_rep__2/C is not reached by a timing clock
Related violations: <none>

TIMING-17#130 Critical Warning
Non-clocked sequential cell  
The clock pin U_VGAcam/U_OV7670MemController/wAddr_reg[3]/C is not reached by a timing clock
Related violations: <none>

TIMING-17#131 Critical Warning
Non-clocked sequential cell  
The clock pin U_VGAcam/U_OV7670MemController/wAddr_reg[3]_rep/C is not reached by a timing clock
Related violations: <none>

TIMING-17#132 Critical Warning
Non-clocked sequential cell  
The clock pin U_VGAcam/U_OV7670MemController/wAddr_reg[3]_rep__0/C is not reached by a timing clock
Related violations: <none>

TIMING-17#133 Critical Warning
Non-clocked sequential cell  
The clock pin U_VGAcam/U_OV7670MemController/wAddr_reg[3]_rep__1/C is not reached by a timing clock
Related violations: <none>

TIMING-17#134 Critical Warning
Non-clocked sequential cell  
The clock pin U_VGAcam/U_OV7670MemController/wAddr_reg[3]_rep__2/C is not reached by a timing clock
Related violations: <none>

TIMING-17#135 Critical Warning
Non-clocked sequential cell  
The clock pin U_VGAcam/U_OV7670MemController/wAddr_reg[4]/C is not reached by a timing clock
Related violations: <none>

TIMING-17#136 Critical Warning
Non-clocked sequential cell  
The clock pin U_VGAcam/U_OV7670MemController/wAddr_reg[4]_rep/C is not reached by a timing clock
Related violations: <none>

TIMING-17#137 Critical Warning
Non-clocked sequential cell  
The clock pin U_VGAcam/U_OV7670MemController/wAddr_reg[4]_rep__0/C is not reached by a timing clock
Related violations: <none>

TIMING-17#138 Critical Warning
Non-clocked sequential cell  
The clock pin U_VGAcam/U_OV7670MemController/wAddr_reg[4]_rep__1/C is not reached by a timing clock
Related violations: <none>

TIMING-17#139 Critical Warning
Non-clocked sequential cell  
The clock pin U_VGAcam/U_OV7670MemController/wAddr_reg[4]_rep__2/C is not reached by a timing clock
Related violations: <none>

TIMING-17#140 Critical Warning
Non-clocked sequential cell  
The clock pin U_VGAcam/U_OV7670MemController/wAddr_reg[5]/C is not reached by a timing clock
Related violations: <none>

TIMING-17#141 Critical Warning
Non-clocked sequential cell  
The clock pin U_VGAcam/U_OV7670MemController/wAddr_reg[5]_rep/C is not reached by a timing clock
Related violations: <none>

TIMING-17#142 Critical Warning
Non-clocked sequential cell  
The clock pin U_VGAcam/U_OV7670MemController/wAddr_reg[5]_rep__0/C is not reached by a timing clock
Related violations: <none>

TIMING-17#143 Critical Warning
Non-clocked sequential cell  
The clock pin U_VGAcam/U_OV7670MemController/wAddr_reg[5]_rep__1/C is not reached by a timing clock
Related violations: <none>

TIMING-17#144 Critical Warning
Non-clocked sequential cell  
The clock pin U_VGAcam/U_OV7670MemController/wAddr_reg[5]_rep__2/C is not reached by a timing clock
Related violations: <none>

TIMING-17#145 Critical Warning
Non-clocked sequential cell  
The clock pin U_VGAcam/U_OV7670MemController/wAddr_reg[6]/C is not reached by a timing clock
Related violations: <none>

TIMING-17#146 Critical Warning
Non-clocked sequential cell  
The clock pin U_VGAcam/U_OV7670MemController/wAddr_reg[6]_rep/C is not reached by a timing clock
Related violations: <none>

TIMING-17#147 Critical Warning
Non-clocked sequential cell  
The clock pin U_VGAcam/U_OV7670MemController/wAddr_reg[6]_rep__0/C is not reached by a timing clock
Related violations: <none>

TIMING-17#148 Critical Warning
Non-clocked sequential cell  
The clock pin U_VGAcam/U_OV7670MemController/wAddr_reg[6]_rep__1/C is not reached by a timing clock
Related violations: <none>

TIMING-17#149 Critical Warning
Non-clocked sequential cell  
The clock pin U_VGAcam/U_OV7670MemController/wAddr_reg[6]_rep__2/C is not reached by a timing clock
Related violations: <none>

TIMING-17#150 Critical Warning
Non-clocked sequential cell  
The clock pin U_VGAcam/U_OV7670MemController/wAddr_reg[7]/C is not reached by a timing clock
Related violations: <none>

TIMING-17#151 Critical Warning
Non-clocked sequential cell  
The clock pin U_VGAcam/U_OV7670MemController/wAddr_reg[7]_rep/C is not reached by a timing clock
Related violations: <none>

TIMING-17#152 Critical Warning
Non-clocked sequential cell  
The clock pin U_VGAcam/U_OV7670MemController/wAddr_reg[7]_rep__0/C is not reached by a timing clock
Related violations: <none>

TIMING-17#153 Critical Warning
Non-clocked sequential cell  
The clock pin U_VGAcam/U_OV7670MemController/wAddr_reg[7]_rep__1/C is not reached by a timing clock
Related violations: <none>

TIMING-17#154 Critical Warning
Non-clocked sequential cell  
The clock pin U_VGAcam/U_OV7670MemController/wAddr_reg[7]_rep__2/C is not reached by a timing clock
Related violations: <none>

TIMING-17#155 Critical Warning
Non-clocked sequential cell  
The clock pin U_VGAcam/U_OV7670MemController/wAddr_reg[8]/C is not reached by a timing clock
Related violations: <none>

TIMING-17#156 Critical Warning
Non-clocked sequential cell  
The clock pin U_VGAcam/U_OV7670MemController/wAddr_reg[8]_rep/C is not reached by a timing clock
Related violations: <none>

TIMING-17#157 Critical Warning
Non-clocked sequential cell  
The clock pin U_VGAcam/U_OV7670MemController/wAddr_reg[8]_rep__0/C is not reached by a timing clock
Related violations: <none>

TIMING-17#158 Critical Warning
Non-clocked sequential cell  
The clock pin U_VGAcam/U_OV7670MemController/wAddr_reg[8]_rep__1/C is not reached by a timing clock
Related violations: <none>

TIMING-17#159 Critical Warning
Non-clocked sequential cell  
The clock pin U_VGAcam/U_OV7670MemController/wAddr_reg[8]_rep__2/C is not reached by a timing clock
Related violations: <none>

TIMING-17#160 Critical Warning
Non-clocked sequential cell  
The clock pin U_VGAcam/U_OV7670MemController/wAddr_reg[9]/C is not reached by a timing clock
Related violations: <none>

TIMING-17#161 Critical Warning
Non-clocked sequential cell  
The clock pin U_VGAcam/U_OV7670MemController/wAddr_reg[9]_rep/C is not reached by a timing clock
Related violations: <none>

TIMING-17#162 Critical Warning
Non-clocked sequential cell  
The clock pin U_VGAcam/U_OV7670MemController/wAddr_reg[9]_rep__0/C is not reached by a timing clock
Related violations: <none>

TIMING-17#163 Critical Warning
Non-clocked sequential cell  
The clock pin U_VGAcam/U_OV7670MemController/wAddr_reg[9]_rep__1/C is not reached by a timing clock
Related violations: <none>

TIMING-17#164 Critical Warning
Non-clocked sequential cell  
The clock pin U_VGAcam/U_OV7670MemController/wAddr_reg[9]_rep__2/C is not reached by a timing clock
Related violations: <none>

TIMING-17#165 Critical Warning
Non-clocked sequential cell  
The clock pin U_VGAcam/U_OV7670MemController/we_reg/C is not reached by a timing clock
Related violations: <none>

TIMING-17#166 Critical Warning
Non-clocked sequential cell  
The clock pin U_VGAcam/U_framePrinter/U_Region_Detector/FSM_sequential_state_reg[0]/C is not reached by a timing clock
Related violations: <none>

TIMING-17#167 Critical Warning
Non-clocked sequential cell  
The clock pin U_VGAcam/U_framePrinter/U_Region_Detector/FSM_sequential_state_reg[1]/C is not reached by a timing clock
Related violations: <none>

TIMING-17#168 Critical Warning
Non-clocked sequential cell  
The clock pin U_VGAcam/U_framePrinter/U_Region_Detector/pxl_cnt0_reg[0]/C is not reached by a timing clock
Related violations: <none>

TIMING-17#169 Critical Warning
Non-clocked sequential cell  
The clock pin U_VGAcam/U_framePrinter/U_Region_Detector/pxl_cnt0_reg[10]/C is not reached by a timing clock
Related violations: <none>

TIMING-17#170 Critical Warning
Non-clocked sequential cell  
The clock pin U_VGAcam/U_framePrinter/U_Region_Detector/pxl_cnt0_reg[11]/C is not reached by a timing clock
Related violations: <none>

TIMING-17#171 Critical Warning
Non-clocked sequential cell  
The clock pin U_VGAcam/U_framePrinter/U_Region_Detector/pxl_cnt0_reg[12]/C is not reached by a timing clock
Related violations: <none>

TIMING-17#172 Critical Warning
Non-clocked sequential cell  
The clock pin U_VGAcam/U_framePrinter/U_Region_Detector/pxl_cnt0_reg[13]/C is not reached by a timing clock
Related violations: <none>

TIMING-17#173 Critical Warning
Non-clocked sequential cell  
The clock pin U_VGAcam/U_framePrinter/U_Region_Detector/pxl_cnt0_reg[14]/C is not reached by a timing clock
Related violations: <none>

TIMING-17#174 Critical Warning
Non-clocked sequential cell  
The clock pin U_VGAcam/U_framePrinter/U_Region_Detector/pxl_cnt0_reg[1]/C is not reached by a timing clock
Related violations: <none>

TIMING-17#175 Critical Warning
Non-clocked sequential cell  
The clock pin U_VGAcam/U_framePrinter/U_Region_Detector/pxl_cnt0_reg[2]/C is not reached by a timing clock
Related violations: <none>

TIMING-17#176 Critical Warning
Non-clocked sequential cell  
The clock pin U_VGAcam/U_framePrinter/U_Region_Detector/pxl_cnt0_reg[3]/C is not reached by a timing clock
Related violations: <none>

TIMING-17#177 Critical Warning
Non-clocked sequential cell  
The clock pin U_VGAcam/U_framePrinter/U_Region_Detector/pxl_cnt0_reg[4]/C is not reached by a timing clock
Related violations: <none>

TIMING-17#178 Critical Warning
Non-clocked sequential cell  
The clock pin U_VGAcam/U_framePrinter/U_Region_Detector/pxl_cnt0_reg[5]/C is not reached by a timing clock
Related violations: <none>

TIMING-17#179 Critical Warning
Non-clocked sequential cell  
The clock pin U_VGAcam/U_framePrinter/U_Region_Detector/pxl_cnt0_reg[6]/C is not reached by a timing clock
Related violations: <none>

TIMING-17#180 Critical Warning
Non-clocked sequential cell  
The clock pin U_VGAcam/U_framePrinter/U_Region_Detector/pxl_cnt0_reg[7]/C is not reached by a timing clock
Related violations: <none>

TIMING-17#181 Critical Warning
Non-clocked sequential cell  
The clock pin U_VGAcam/U_framePrinter/U_Region_Detector/pxl_cnt0_reg[8]/C is not reached by a timing clock
Related violations: <none>

TIMING-17#182 Critical Warning
Non-clocked sequential cell  
The clock pin U_VGAcam/U_framePrinter/U_Region_Detector/pxl_cnt0_reg[9]/C is not reached by a timing clock
Related violations: <none>

TIMING-17#183 Critical Warning
Non-clocked sequential cell  
The clock pin U_VGAcam/U_framePrinter/U_Region_Detector/pxl_cnt1_reg[0]/C is not reached by a timing clock
Related violations: <none>

TIMING-17#184 Critical Warning
Non-clocked sequential cell  
The clock pin U_VGAcam/U_framePrinter/U_Region_Detector/pxl_cnt1_reg[10]/C is not reached by a timing clock
Related violations: <none>

TIMING-17#185 Critical Warning
Non-clocked sequential cell  
The clock pin U_VGAcam/U_framePrinter/U_Region_Detector/pxl_cnt1_reg[11]/C is not reached by a timing clock
Related violations: <none>

TIMING-17#186 Critical Warning
Non-clocked sequential cell  
The clock pin U_VGAcam/U_framePrinter/U_Region_Detector/pxl_cnt1_reg[12]/C is not reached by a timing clock
Related violations: <none>

TIMING-17#187 Critical Warning
Non-clocked sequential cell  
The clock pin U_VGAcam/U_framePrinter/U_Region_Detector/pxl_cnt1_reg[13]/C is not reached by a timing clock
Related violations: <none>

TIMING-17#188 Critical Warning
Non-clocked sequential cell  
The clock pin U_VGAcam/U_framePrinter/U_Region_Detector/pxl_cnt1_reg[14]/C is not reached by a timing clock
Related violations: <none>

TIMING-17#189 Critical Warning
Non-clocked sequential cell  
The clock pin U_VGAcam/U_framePrinter/U_Region_Detector/pxl_cnt1_reg[1]/C is not reached by a timing clock
Related violations: <none>

TIMING-17#190 Critical Warning
Non-clocked sequential cell  
The clock pin U_VGAcam/U_framePrinter/U_Region_Detector/pxl_cnt1_reg[2]/C is not reached by a timing clock
Related violations: <none>

TIMING-17#191 Critical Warning
Non-clocked sequential cell  
The clock pin U_VGAcam/U_framePrinter/U_Region_Detector/pxl_cnt1_reg[3]/C is not reached by a timing clock
Related violations: <none>

TIMING-17#192 Critical Warning
Non-clocked sequential cell  
The clock pin U_VGAcam/U_framePrinter/U_Region_Detector/pxl_cnt1_reg[4]/C is not reached by a timing clock
Related violations: <none>

TIMING-17#193 Critical Warning
Non-clocked sequential cell  
The clock pin U_VGAcam/U_framePrinter/U_Region_Detector/pxl_cnt1_reg[5]/C is not reached by a timing clock
Related violations: <none>

TIMING-17#194 Critical Warning
Non-clocked sequential cell  
The clock pin U_VGAcam/U_framePrinter/U_Region_Detector/pxl_cnt1_reg[6]/C is not reached by a timing clock
Related violations: <none>

TIMING-17#195 Critical Warning
Non-clocked sequential cell  
The clock pin U_VGAcam/U_framePrinter/U_Region_Detector/pxl_cnt1_reg[7]/C is not reached by a timing clock
Related violations: <none>

TIMING-17#196 Critical Warning
Non-clocked sequential cell  
The clock pin U_VGAcam/U_framePrinter/U_Region_Detector/pxl_cnt1_reg[8]/C is not reached by a timing clock
Related violations: <none>

TIMING-17#197 Critical Warning
Non-clocked sequential cell  
The clock pin U_VGAcam/U_framePrinter/U_Region_Detector/pxl_cnt1_reg[9]/C is not reached by a timing clock
Related violations: <none>

TIMING-17#198 Critical Warning
Non-clocked sequential cell  
The clock pin U_VGAcam/U_framePrinter/U_Region_Detector/pxl_cnt2_reg[0]/C is not reached by a timing clock
Related violations: <none>

TIMING-17#199 Critical Warning
Non-clocked sequential cell  
The clock pin U_VGAcam/U_framePrinter/U_Region_Detector/pxl_cnt2_reg[10]/C is not reached by a timing clock
Related violations: <none>

TIMING-17#200 Critical Warning
Non-clocked sequential cell  
The clock pin U_VGAcam/U_framePrinter/U_Region_Detector/pxl_cnt2_reg[11]/C is not reached by a timing clock
Related violations: <none>

TIMING-17#201 Critical Warning
Non-clocked sequential cell  
The clock pin U_VGAcam/U_framePrinter/U_Region_Detector/pxl_cnt2_reg[12]/C is not reached by a timing clock
Related violations: <none>

TIMING-17#202 Critical Warning
Non-clocked sequential cell  
The clock pin U_VGAcam/U_framePrinter/U_Region_Detector/pxl_cnt2_reg[13]/C is not reached by a timing clock
Related violations: <none>

TIMING-17#203 Critical Warning
Non-clocked sequential cell  
The clock pin U_VGAcam/U_framePrinter/U_Region_Detector/pxl_cnt2_reg[14]/C is not reached by a timing clock
Related violations: <none>

TIMING-17#204 Critical Warning
Non-clocked sequential cell  
The clock pin U_VGAcam/U_framePrinter/U_Region_Detector/pxl_cnt2_reg[1]/C is not reached by a timing clock
Related violations: <none>

TIMING-17#205 Critical Warning
Non-clocked sequential cell  
The clock pin U_VGAcam/U_framePrinter/U_Region_Detector/pxl_cnt2_reg[2]/C is not reached by a timing clock
Related violations: <none>

TIMING-17#206 Critical Warning
Non-clocked sequential cell  
The clock pin U_VGAcam/U_framePrinter/U_Region_Detector/pxl_cnt2_reg[3]/C is not reached by a timing clock
Related violations: <none>

TIMING-17#207 Critical Warning
Non-clocked sequential cell  
The clock pin U_VGAcam/U_framePrinter/U_Region_Detector/pxl_cnt2_reg[4]/C is not reached by a timing clock
Related violations: <none>

TIMING-17#208 Critical Warning
Non-clocked sequential cell  
The clock pin U_VGAcam/U_framePrinter/U_Region_Detector/pxl_cnt2_reg[5]/C is not reached by a timing clock
Related violations: <none>

TIMING-17#209 Critical Warning
Non-clocked sequential cell  
The clock pin U_VGAcam/U_framePrinter/U_Region_Detector/pxl_cnt2_reg[6]/C is not reached by a timing clock
Related violations: <none>

TIMING-17#210 Critical Warning
Non-clocked sequential cell  
The clock pin U_VGAcam/U_framePrinter/U_Region_Detector/pxl_cnt2_reg[7]/C is not reached by a timing clock
Related violations: <none>

TIMING-17#211 Critical Warning
Non-clocked sequential cell  
The clock pin U_VGAcam/U_framePrinter/U_Region_Detector/pxl_cnt2_reg[8]/C is not reached by a timing clock
Related violations: <none>

TIMING-17#212 Critical Warning
Non-clocked sequential cell  
The clock pin U_VGAcam/U_framePrinter/U_Region_Detector/pxl_cnt2_reg[9]/C is not reached by a timing clock
Related violations: <none>

TIMING-17#213 Critical Warning
Non-clocked sequential cell  
The clock pin U_VGAcam/U_framePrinter/U_Region_Detector/pxl_cnt3_reg[0]/C is not reached by a timing clock
Related violations: <none>

TIMING-17#214 Critical Warning
Non-clocked sequential cell  
The clock pin U_VGAcam/U_framePrinter/U_Region_Detector/pxl_cnt3_reg[10]/C is not reached by a timing clock
Related violations: <none>

TIMING-17#215 Critical Warning
Non-clocked sequential cell  
The clock pin U_VGAcam/U_framePrinter/U_Region_Detector/pxl_cnt3_reg[11]/C is not reached by a timing clock
Related violations: <none>

TIMING-17#216 Critical Warning
Non-clocked sequential cell  
The clock pin U_VGAcam/U_framePrinter/U_Region_Detector/pxl_cnt3_reg[12]/C is not reached by a timing clock
Related violations: <none>

TIMING-17#217 Critical Warning
Non-clocked sequential cell  
The clock pin U_VGAcam/U_framePrinter/U_Region_Detector/pxl_cnt3_reg[13]/C is not reached by a timing clock
Related violations: <none>

TIMING-17#218 Critical Warning
Non-clocked sequential cell  
The clock pin U_VGAcam/U_framePrinter/U_Region_Detector/pxl_cnt3_reg[14]/C is not reached by a timing clock
Related violations: <none>

TIMING-17#219 Critical Warning
Non-clocked sequential cell  
The clock pin U_VGAcam/U_framePrinter/U_Region_Detector/pxl_cnt3_reg[1]/C is not reached by a timing clock
Related violations: <none>

TIMING-17#220 Critical Warning
Non-clocked sequential cell  
The clock pin U_VGAcam/U_framePrinter/U_Region_Detector/pxl_cnt3_reg[2]/C is not reached by a timing clock
Related violations: <none>

TIMING-17#221 Critical Warning
Non-clocked sequential cell  
The clock pin U_VGAcam/U_framePrinter/U_Region_Detector/pxl_cnt3_reg[3]/C is not reached by a timing clock
Related violations: <none>

TIMING-17#222 Critical Warning
Non-clocked sequential cell  
The clock pin U_VGAcam/U_framePrinter/U_Region_Detector/pxl_cnt3_reg[4]/C is not reached by a timing clock
Related violations: <none>

TIMING-17#223 Critical Warning
Non-clocked sequential cell  
The clock pin U_VGAcam/U_framePrinter/U_Region_Detector/pxl_cnt3_reg[5]/C is not reached by a timing clock
Related violations: <none>

TIMING-17#224 Critical Warning
Non-clocked sequential cell  
The clock pin U_VGAcam/U_framePrinter/U_Region_Detector/pxl_cnt3_reg[6]/C is not reached by a timing clock
Related violations: <none>

TIMING-17#225 Critical Warning
Non-clocked sequential cell  
The clock pin U_VGAcam/U_framePrinter/U_Region_Detector/pxl_cnt3_reg[7]/C is not reached by a timing clock
Related violations: <none>

TIMING-17#226 Critical Warning
Non-clocked sequential cell  
The clock pin U_VGAcam/U_framePrinter/U_Region_Detector/pxl_cnt3_reg[8]/C is not reached by a timing clock
Related violations: <none>

TIMING-17#227 Critical Warning
Non-clocked sequential cell  
The clock pin U_VGAcam/U_framePrinter/U_Region_Detector/pxl_cnt3_reg[9]/C is not reached by a timing clock
Related violations: <none>

TIMING-17#228 Critical Warning
Non-clocked sequential cell  
The clock pin U_VGAcam/U_framePrinter/U_Region_Detector/region_reg[0]/C is not reached by a timing clock
Related violations: <none>

TIMING-17#229 Critical Warning
Non-clocked sequential cell  
The clock pin U_VGAcam/U_framePrinter/U_Region_Detector/region_reg[1]/C is not reached by a timing clock
Related violations: <none>

TIMING-17#230 Critical Warning
Non-clocked sequential cell  
The clock pin U_VGAcam/U_framePrinter/U_Region_Detector/region_reg[2]/C is not reached by a timing clock
Related violations: <none>

TIMING-17#231 Critical Warning
Non-clocked sequential cell  
The clock pin U_VGAcam/U_framePrinter/U_Region_Detector/region_reg[3]/C is not reached by a timing clock
Related violations: <none>

TIMING-17#232 Critical Warning
Non-clocked sequential cell  
The clock pin U_VGAcam/U_framePrinter/U_Region_Detector/vsync_reg_reg/C is not reached by a timing clock
Related violations: <none>

TIMING-27#1 Critical Warning
Invalid primary clock on hierarchical pin  
A primary clock instance_name/inst/clk_in1 is created on an inappropriate internal pin instance_name/inst/clk_in1. It is not recommended to create a primary clock on a hierarchical pin when its driver pin has a fanout connected to multiple clock pins
Related violations: <none>

DPIR-1#1 Warning
Asynchronous driver check  
DSP U_MainController/U_top_game/U_SCORE/combo_reg0 input pin U_MainController/U_top_game/U_SCORE/combo_reg0/B[0] is connected to registers with an asynchronous reset. This is preventing the possibility of merging these registers in to the DSP Block since the DSP block registers only possess synchronous reset capability.  It is suggested to recode or change these registers to remove the reset or use a synchronous reset to get the best optimization for performance, power and area.
Related violations: <none>

DPIR-1#2 Warning
Asynchronous driver check  
DSP U_MainController/U_top_game/U_SCORE/combo_reg0 input pin U_MainController/U_top_game/U_SCORE/combo_reg0/B[1] is connected to registers with an asynchronous reset. This is preventing the possibility of merging these registers in to the DSP Block since the DSP block registers only possess synchronous reset capability.  It is suggested to recode or change these registers to remove the reset or use a synchronous reset to get the best optimization for performance, power and area.
Related violations: <none>

DPIR-1#3 Warning
Asynchronous driver check  
DSP U_MainController/U_top_game/U_SCORE/combo_reg0 input pin U_MainController/U_top_game/U_SCORE/combo_reg0/B[2] is connected to registers with an asynchronous reset. This is preventing the possibility of merging these registers in to the DSP Block since the DSP block registers only possess synchronous reset capability.  It is suggested to recode or change these registers to remove the reset or use a synchronous reset to get the best optimization for performance, power and area.
Related violations: <none>

DPIR-1#4 Warning
Asynchronous driver check  
DSP U_MainController/U_top_game/U_SCORE/combo_reg0 input pin U_MainController/U_top_game/U_SCORE/combo_reg0/B[3] is connected to registers with an asynchronous reset. This is preventing the possibility of merging these registers in to the DSP Block since the DSP block registers only possess synchronous reset capability.  It is suggested to recode or change these registers to remove the reset or use a synchronous reset to get the best optimization for performance, power and area.
Related violations: <none>

DPIR-1#5 Warning
Asynchronous driver check  
DSP U_MainController/U_top_game/U_SCORE/combo_reg0 input pin U_MainController/U_top_game/U_SCORE/combo_reg0/B[4] is connected to registers with an asynchronous reset. This is preventing the possibility of merging these registers in to the DSP Block since the DSP block registers only possess synchronous reset capability.  It is suggested to recode or change these registers to remove the reset or use a synchronous reset to get the best optimization for performance, power and area.
Related violations: <none>

DPIR-1#6 Warning
Asynchronous driver check  
DSP U_MainController/U_top_game/U_SCORE/combo_reg0 input pin U_MainController/U_top_game/U_SCORE/combo_reg0/B[5] is connected to registers with an asynchronous reset. This is preventing the possibility of merging these registers in to the DSP Block since the DSP block registers only possess synchronous reset capability.  It is suggested to recode or change these registers to remove the reset or use a synchronous reset to get the best optimization for performance, power and area.
Related violations: <none>

DPIR-1#7 Warning
Asynchronous driver check  
DSP U_MainController/U_top_game/U_SCORE/combo_reg0 input pin U_MainController/U_top_game/U_SCORE/combo_reg0/B[6] is connected to registers with an asynchronous reset. This is preventing the possibility of merging these registers in to the DSP Block since the DSP block registers only possess synchronous reset capability.  It is suggested to recode or change these registers to remove the reset or use a synchronous reset to get the best optimization for performance, power and area.
Related violations: <none>

DPIR-1#8 Warning
Asynchronous driver check  
DSP U_MainController/U_top_game/U_SCORE/combo_reg0 input pin U_MainController/U_top_game/U_SCORE/combo_reg0/B[7] is connected to registers with an asynchronous reset. This is preventing the possibility of merging these registers in to the DSP Block since the DSP block registers only possess synchronous reset capability.  It is suggested to recode or change these registers to remove the reset or use a synchronous reset to get the best optimization for performance, power and area.
Related violations: <none>

DPIR-1#9 Warning
Asynchronous driver check  
DSP U_MainController/U_top_game/U_SCORE/combo_reg0 input pin U_MainController/U_top_game/U_SCORE/combo_reg0/B[8] is connected to registers with an asynchronous reset. This is preventing the possibility of merging these registers in to the DSP Block since the DSP block registers only possess synchronous reset capability.  It is suggested to recode or change these registers to remove the reset or use a synchronous reset to get the best optimization for performance, power and area.
Related violations: <none>

DPIR-1#10 Warning
Asynchronous driver check  
DSP U_MainController/U_top_game/U_SCORE/combo_reg0 input pin U_MainController/U_top_game/U_SCORE/combo_reg0/B[9] is connected to registers with an asynchronous reset. This is preventing the possibility of merging these registers in to the DSP Block since the DSP block registers only possess synchronous reset capability.  It is suggested to recode or change these registers to remove the reset or use a synchronous reset to get the best optimization for performance, power and area.
Related violations: <none>

DPIR-1#11 Warning
Asynchronous driver check  
DSP U_MainController/U_top_game/U_SCORE/combo_reg0 input pin U_MainController/U_top_game/U_SCORE/combo_reg0/D[0] is connected to registers with an asynchronous reset. This is preventing the possibility of merging these registers in to the DSP Block since the DSP block registers only possess synchronous reset capability.  It is suggested to recode or change these registers to remove the reset or use a synchronous reset to get the best optimization for performance, power and area.
Related violations: <none>

DPIR-1#12 Warning
Asynchronous driver check  
DSP U_MainController/U_top_game/U_SCORE/combo_reg0 input pin U_MainController/U_top_game/U_SCORE/combo_reg0/D[1] is connected to registers with an asynchronous reset. This is preventing the possibility of merging these registers in to the DSP Block since the DSP block registers only possess synchronous reset capability.  It is suggested to recode or change these registers to remove the reset or use a synchronous reset to get the best optimization for performance, power and area.
Related violations: <none>

DPIR-1#13 Warning
Asynchronous driver check  
DSP U_MainController/U_top_game/U_SCORE/combo_reg0 input pin U_MainController/U_top_game/U_SCORE/combo_reg0/D[2] is connected to registers with an asynchronous reset. This is preventing the possibility of merging these registers in to the DSP Block since the DSP block registers only possess synchronous reset capability.  It is suggested to recode or change these registers to remove the reset or use a synchronous reset to get the best optimization for performance, power and area.
Related violations: <none>

DPIR-1#14 Warning
Asynchronous driver check  
DSP U_MainController/U_top_game/U_SCORE/combo_reg0 input pin U_MainController/U_top_game/U_SCORE/combo_reg0/D[3] is connected to registers with an asynchronous reset. This is preventing the possibility of merging these registers in to the DSP Block since the DSP block registers only possess synchronous reset capability.  It is suggested to recode or change these registers to remove the reset or use a synchronous reset to get the best optimization for performance, power and area.
Related violations: <none>

DPIR-1#15 Warning
Asynchronous driver check  
DSP U_MainController/U_top_game/U_SCORE/combo_reg0 input pin U_MainController/U_top_game/U_SCORE/combo_reg0/D[4] is connected to registers with an asynchronous reset. This is preventing the possibility of merging these registers in to the DSP Block since the DSP block registers only possess synchronous reset capability.  It is suggested to recode or change these registers to remove the reset or use a synchronous reset to get the best optimization for performance, power and area.
Related violations: <none>

DPIR-1#16 Warning
Asynchronous driver check  
DSP U_MainController/U_top_game/U_SCORE/combo_reg0 input pin U_MainController/U_top_game/U_SCORE/combo_reg0/D[5] is connected to registers with an asynchronous reset. This is preventing the possibility of merging these registers in to the DSP Block since the DSP block registers only possess synchronous reset capability.  It is suggested to recode or change these registers to remove the reset or use a synchronous reset to get the best optimization for performance, power and area.
Related violations: <none>

DPIR-1#17 Warning
Asynchronous driver check  
DSP U_MainController/U_top_game/U_SCORE/combo_reg0 input pin U_MainController/U_top_game/U_SCORE/combo_reg0/D[6] is connected to registers with an asynchronous reset. This is preventing the possibility of merging these registers in to the DSP Block since the DSP block registers only possess synchronous reset capability.  It is suggested to recode or change these registers to remove the reset or use a synchronous reset to get the best optimization for performance, power and area.
Related violations: <none>

DPIR-1#18 Warning
Asynchronous driver check  
DSP U_MainController/U_top_game/U_SCORE/combo_reg0 input pin U_MainController/U_top_game/U_SCORE/combo_reg0/D[7] is connected to registers with an asynchronous reset. This is preventing the possibility of merging these registers in to the DSP Block since the DSP block registers only possess synchronous reset capability.  It is suggested to recode or change these registers to remove the reset or use a synchronous reset to get the best optimization for performance, power and area.
Related violations: <none>

DPIR-1#19 Warning
Asynchronous driver check  
DSP U_MainController/U_top_game/U_SCORE/combo_reg0 input pin U_MainController/U_top_game/U_SCORE/combo_reg0/D[8] is connected to registers with an asynchronous reset. This is preventing the possibility of merging these registers in to the DSP Block since the DSP block registers only possess synchronous reset capability.  It is suggested to recode or change these registers to remove the reset or use a synchronous reset to get the best optimization for performance, power and area.
Related violations: <none>

DPIR-1#20 Warning
Asynchronous driver check  
DSP U_MainController/U_top_game/U_SCORE/combo_reg0 input pin U_MainController/U_top_game/U_SCORE/combo_reg0/D[9] is connected to registers with an asynchronous reset. This is preventing the possibility of merging these registers in to the DSP Block since the DSP block registers only possess synchronous reset capability.  It is suggested to recode or change these registers to remove the reset or use a synchronous reset to get the best optimization for performance, power and area.
Related violations: <none>

LUTAR-1#1 Warning
LUT drives async reset alert  
LUT cell U_MainController/U_main_control/r_pos0[3]_i_2, with 2 or more inputs, drives asynchronous preset/clear pin(s) U_MainController/U_top_game/U_GAMERESULT/combo_cnt_reg[0]/CLR,
U_MainController/U_top_game/U_GAMERESULT/combo_cnt_reg[1]/CLR,
U_MainController/U_top_game/U_GAMERESULT/combo_cnt_reg[2]/CLR,
U_MainController/U_top_game/U_GAMERESULT/combo_cnt_reg[3]/CLR,
U_MainController/U_top_game/U_GAMERESULT/combo_cnt_reg[4]/CLR,
U_MainController/U_top_game/U_GAMERESULT/combo_cnt_reg[5]/CLR,
U_MainController/U_top_game/U_GAMERESULT/combo_cnt_reg[6]/CLR,
U_MainController/U_top_game/U_GAMERESULT/combo_cnt_reg[7]/CLR,
U_MainController/U_top_game/U_GAMERESULT/combo_cnt_reg[8]/CLR,
U_MainController/U_top_game/U_GAMERESULT/combo_cnt_reg[9]/CLR,
U_MainController/U_top_game/U_GAMERESULT/combo_data_reg[0]/CLR,
U_MainController/U_top_game/U_GAMERESULT/combo_data_reg[1]/CLR,
U_MainController/U_top_game/U_GAMERESULT/combo_data_reg[2]/CLR,
U_MainController/U_top_game/U_GAMERESULT/combo_data_reg[3]/CLR,
U_MainController/U_top_game/U_GAMERESULT/combo_data_reg[4]/CLR
 (the first 15 of 400 listed). The LUT may glitch and trigger an unexpected reset, even if it is a properly timed path.
Related violations: <none>

TIMING-18#1 Warning
Missing input or output delay  
An input delay is missing on btn[0] relative to clock(s) sys_clk_pin
Related violations: <none>

TIMING-18#2 Warning
Missing input or output delay  
An input delay is missing on btn[1] relative to clock(s) sys_clk_pin
Related violations: <none>

TIMING-18#3 Warning
Missing input or output delay  
An input delay is missing on btn[2] relative to clock(s) sys_clk_pin
Related violations: <none>

TIMING-18#4 Warning
Missing input or output delay  
An input delay is missing on btn[3] relative to clock(s) sys_clk_pin
Related violations: <none>

TIMING-18#5 Warning
Missing input or output delay  
An input delay is missing on reset relative to clock(s) instance_name/inst/clk_in1, sys_clk_pin
Related violations: <none>

TIMING-18#6 Warning
Missing input or output delay  
An input delay is missing on rx relative to clock(s) sys_clk_pin
Related violations: <none>

TIMING-18#7 Warning
Missing input or output delay  
An input delay is missing on sda relative to clock(s) instance_name/inst/clk_in1
Related violations: <none>

TIMING-18#8 Warning
Missing input or output delay  
An output delay is missing on h_sync relative to clock(s) instance_name/inst/clk_in1
Related violations: <none>

TIMING-18#9 Warning
Missing input or output delay  
An output delay is missing on main_done relative to clock(s) sys_clk_pin
Related violations: <none>

TIMING-18#10 Warning
Missing input or output delay  
An output delay is missing on o_note_start relative to clock(s) sys_clk_pin
Related violations: <none>

TIMING-18#11 Warning
Missing input or output delay  
An output delay is missing on port_blue[0] relative to clock(s) instance_name/inst/clk_in1, sys_clk_pin
Related violations: <none>

TIMING-18#12 Warning
Missing input or output delay  
An output delay is missing on port_blue[1] relative to clock(s) instance_name/inst/clk_in1, sys_clk_pin
Related violations: <none>

TIMING-18#13 Warning
Missing input or output delay  
An output delay is missing on port_blue[2] relative to clock(s) instance_name/inst/clk_in1, sys_clk_pin
Related violations: <none>

TIMING-18#14 Warning
Missing input or output delay  
An output delay is missing on port_blue[3] relative to clock(s) instance_name/inst/clk_in1, sys_clk_pin
Related violations: <none>

TIMING-18#15 Warning
Missing input or output delay  
An output delay is missing on port_green[0] relative to clock(s) instance_name/inst/clk_in1, sys_clk_pin
Related violations: <none>

TIMING-18#16 Warning
Missing input or output delay  
An output delay is missing on port_green[1] relative to clock(s) instance_name/inst/clk_in1, sys_clk_pin
Related violations: <none>

TIMING-18#17 Warning
Missing input or output delay  
An output delay is missing on port_green[2] relative to clock(s) instance_name/inst/clk_in1, sys_clk_pin
Related violations: <none>

TIMING-18#18 Warning
Missing input or output delay  
An output delay is missing on port_green[3] relative to clock(s) instance_name/inst/clk_in1, sys_clk_pin
Related violations: <none>

TIMING-18#19 Warning
Missing input or output delay  
An output delay is missing on port_red[0] relative to clock(s) instance_name/inst/clk_in1, sys_clk_pin
Related violations: <none>

TIMING-18#20 Warning
Missing input or output delay  
An output delay is missing on port_red[1] relative to clock(s) instance_name/inst/clk_in1, sys_clk_pin
Related violations: <none>

TIMING-18#21 Warning
Missing input or output delay  
An output delay is missing on port_red[2] relative to clock(s) instance_name/inst/clk_in1, sys_clk_pin
Related violations: <none>

TIMING-18#22 Warning
Missing input or output delay  
An output delay is missing on port_red[3] relative to clock(s) instance_name/inst/clk_in1, sys_clk_pin
Related violations: <none>

TIMING-18#23 Warning
Missing input or output delay  
An output delay is missing on r_data[0] relative to clock(s) sys_clk_pin
Related violations: <none>

TIMING-18#24 Warning
Missing input or output delay  
An output delay is missing on r_data[1] relative to clock(s) sys_clk_pin
Related violations: <none>

TIMING-18#25 Warning
Missing input or output delay  
An output delay is missing on r_data[2] relative to clock(s) sys_clk_pin
Related violations: <none>

TIMING-18#26 Warning
Missing input or output delay  
An output delay is missing on r_data[3] relative to clock(s) sys_clk_pin
Related violations: <none>

TIMING-18#27 Warning
Missing input or output delay  
An output delay is missing on scl relative to clock(s) instance_name/inst/clk_in1
Related violations: <none>

TIMING-18#28 Warning
Missing input or output delay  
An output delay is missing on tx relative to clock(s) sys_clk_pin
Related violations: <none>

TIMING-18#29 Warning
Missing input or output delay  
An output delay is missing on v_sync relative to clock(s) instance_name/inst/clk_in1
Related violations: <none>


