#-----------------------------------------------------------
# Vivado v2020.2 (64-bit)
# SW Build 3064766 on Wed Nov 18 09:12:45 MST 2020
# IP Build 3064653 on Wed Nov 18 14:17:31 MST 2020
# Start of session at: Wed Jul 15 14:48:22 2026
# Process ID: 7240
# Current directory: C:/Users/kccistc/Downloads/0715_mini_Project_final
# Command line: vivado.exe -gui_launcher_event rodinguilauncherevent23376 C:\Users\kccistc\Downloads\0715_mini_Project_final\0715_mini_Project_final.xpr
# Log file: C:/Users/kccistc/Downloads/0715_mini_Project_final/vivado.log
# Journal file: C:/Users/kccistc/Downloads/0715_mini_Project_final\vivado.jou
#-----------------------------------------------------------
start_gui
open_project C:/Users/kccistc/Downloads/0715_mini_Project_final/0715_mini_Project_final.xpr
INFO: [Project 1-313] Project file moved from 'D:/VGA_Class/0715_mini_Project_final' since last save.
Scanning sources...
Finished scanning sources
INFO: [IP_Flow 19-234] Refreshing IP repositories
INFO: [IP_Flow 19-1704] No user IP repositories specified
INFO: [IP_Flow 19-2313] Loaded Vivado IP repository 'C:/Xilinx/Vivado/2020.2/data/ip'.
open_project: Time (s): cpu = 00:00:12 ; elapsed = 00:00:06 . Memory (MB): peak = 1103.188 ; gain = 0.000
update_compile_order -fileset sources_1
reset_run impl_1 -prev_step 
launch_runs impl_1 -to_step write_bitstream -jobs 8
[Wed Jul 15 14:48:54 2026] Launched impl_1...
Run output will be captured here: C:/Users/kccistc/Downloads/0715_mini_Project_final/0715_mini_Project_final.runs/impl_1/runme.log
open_hw_manager
connect_hw_server -allow_non_jtag
INFO: [Labtools 27-2285] Connecting to hw_server url TCP:localhost:3121
INFO: [Labtools 27-3415] Connecting to cs_server url TCP:localhost:3042
INFO: [Labtools 27-3414] Connected to existing cs_server.
open_hw_target
INFO: [Labtoolstcl 44-466] Opening hw_target localhost:3121/xilinx_tcf/Digilent/210183BB7CD3A
set_property PROGRAM.FILE {C:/Users/kccistc/Downloads/0715_mini_Project_final/0715_mini_Project_final.runs/impl_1/top.bit} [get_hw_devices xc7a35t_0]
current_hw_device [get_hw_devices xc7a35t_0]
refresh_hw_device -update_hw_probes false [lindex [get_hw_devices xc7a35t_0] 0]
INFO: [Labtools 27-1434] Device xc7a35t (JTAG device index = 0) is programmed with a design that has no supported debug core(s) in it.
set_property PROBES.FILE {} [get_hw_devices xc7a35t_0]
set_property FULL_PROBES.FILE {} [get_hw_devices xc7a35t_0]
set_property PROGRAM.FILE {C:/Users/kccistc/Downloads/0715_mini_Project_final/0715_mini_Project_final.runs/impl_1/top.bit} [get_hw_devices xc7a35t_0]
program_hw_devices [get_hw_devices xc7a35t_0]
INFO: [Labtools 27-3164] End of startup status: HIGH
refresh_hw_device [lindex [get_hw_devices xc7a35t_0] 0]
INFO: [Labtools 27-1434] Device xc7a35t (JTAG device index = 0) is programmed with a design that has no supported debug core(s) in it.
update_compile_order -fileset sources_1
update_compile_order -fileset sources_1
reset_run synth_1
launch_runs impl_1 -to_step write_bitstream -jobs 8
[Wed Jul 15 14:59:30 2026] Launched synth_1...
Run output will be captured here: C:/Users/kccistc/Downloads/0715_mini_Project_final/0715_mini_Project_final.runs/synth_1/runme.log
[Wed Jul 15 14:59:30 2026] Launched impl_1...
Run output will be captured here: C:/Users/kccistc/Downloads/0715_mini_Project_final/0715_mini_Project_final.runs/impl_1/runme.log
reset_run synth_1
launch_runs impl_1 -to_step write_bitstream -jobs 8
[Wed Jul 15 15:01:35 2026] Launched synth_1...
Run output will be captured here: C:/Users/kccistc/Downloads/0715_mini_Project_final/0715_mini_Project_final.runs/synth_1/runme.log
[Wed Jul 15 15:01:35 2026] Launched impl_1...
Run output will be captured here: C:/Users/kccistc/Downloads/0715_mini_Project_final/0715_mini_Project_final.runs/impl_1/runme.log
set_property PROBES.FILE {} [get_hw_devices xc7a35t_0]
set_property FULL_PROBES.FILE {} [get_hw_devices xc7a35t_0]
set_property PROGRAM.FILE {C:/Users/kccistc/Downloads/0715_mini_Project_final/0715_mini_Project_final.runs/impl_1/top.bit} [get_hw_devices xc7a35t_0]
program_hw_devices [get_hw_devices xc7a35t_0]
INFO: [Labtools 27-3164] End of startup status: HIGH
refresh_hw_device [lindex [get_hw_devices xc7a35t_0] 0]
INFO: [Labtools 27-1434] Device xc7a35t (JTAG device index = 0) is programmed with a design that has no supported debug core(s) in it.
ERROR: [Labtoolstcl 44-513] HW Target shutdown. Closing target: localhost:3121/xilinx_tcf/Digilent/210183BB7CD3A
INFO: [Labtoolstcl 44-466] Opening hw_target localhost:3121/xilinx_tcf/Digilent/210183BB7CD3A
INFO: [Labtools 27-1434] Device xc7a35t (JTAG device index = 0) is programmed with a design that has no supported debug core(s) in it.
WARNING: [Labtoolstcl 44-129] No matching hw_ila_data was found.
ERROR: [Labtoolstcl 44-513] HW Target shutdown. Closing target: localhost:3121/xilinx_tcf/Digilent/210183BB7CD3A
INFO: [Labtoolstcl 44-466] Opening hw_target localhost:3121/xilinx_tcf/Digilent/210183BB7CD3A
INFO: [Labtools 27-1434] Device xc7a35t (JTAG device index = 0) is programmed with a design that has no supported debug core(s) in it.
WARNING: [Labtoolstcl 44-129] No matching hw_ila_data was found.
update_compile_order -fileset sources_1
update_compile_order -fileset sources_1
update_compile_order -fileset sources_1
refresh_hw_device [lindex [get_hw_devices xc7a35t_0] 0]
INFO: [Labtools 27-1434] Device xc7a35t (JTAG device index = 0) is programmed with a design that has no supported debug core(s) in it.
set_property PROBES.FILE {} [get_hw_devices xc7a35t_0]
set_property FULL_PROBES.FILE {} [get_hw_devices xc7a35t_0]
set_property PROGRAM.FILE {C:/Users/kccistc/Downloads/0715_mini_Project_final/0715_mini_Project_final.runs/impl_1/top.bit} [get_hw_devices xc7a35t_0]
program_hw_devices [get_hw_devices xc7a35t_0]
INFO: [Labtools 27-3164] End of startup status: HIGH
refresh_hw_device [lindex [get_hw_devices xc7a35t_0] 0]
INFO: [Labtools 27-1434] Device xc7a35t (JTAG device index = 0) is programmed with a design that has no supported debug core(s) in it.
WARNING: [IP_Flow 19-4067] Ignoring invalid widget type specified checkbox.Providing a default widget
update_compile_order -fileset sources_1
update_compile_order -fileset sources_1
update_compile_order -fileset sources_1
update_compile_order -fileset sources_1
synth_design -rtl -rtl_skip_mlo -name rtl_1
Command: synth_design -rtl -rtl_skip_mlo -name rtl_1
Starting synth_design
Using part: xc7a35tcpg236-1
Top: top
INFO: [Device 21-403] Loading part xc7a35tcpg236-1
WARNING: [Synth 8-2292] literal value truncated to fit in 28 bits [C:/Users/kccistc/Downloads/0715_mini_Project_final/0715_mini_Project_final.srcs/sources_1/imports/maincontroller/MainControl.sv:32]
---------------------------------------------------------------------------------
Starting RTL Elaboration : Time (s): cpu = 00:00:04 ; elapsed = 00:00:04 . Memory (MB): peak = 3292.922 ; gain = 262.762
---------------------------------------------------------------------------------
INFO: [Synth 8-6157] synthesizing module 'top' [C:/Users/kccistc/Downloads/0715_mini_Project_final/0715_mini_Project_final.srcs/sources_1/imports/uart receiver/top.sv:3]
INFO: [Synth 8-6157] synthesizing module 'clk_wiz_0' [C:/Users/kccistc/Downloads/0715_mini_Project_final/.Xil/Vivado-7240-DESKTOP-7CFQ9ND/realtime/clk_wiz_0_stub.v:5]
INFO: [Synth 8-6155] done synthesizing module 'clk_wiz_0' (1#1) [C:/Users/kccistc/Downloads/0715_mini_Project_final/.Xil/Vivado-7240-DESKTOP-7CFQ9ND/realtime/clk_wiz_0_stub.v:5]
INFO: [Synth 8-6157] synthesizing module 'BtnDebouncer' [C:/Users/kccistc/Downloads/0715_mini_Project_final/0715_mini_Project_final.srcs/sources_1/imports/maincontroller/BtnDebouncer.sv:3]
	Parameter CNT_MAX bound to: 250000 - type: integer 
INFO: [Synth 8-6155] done synthesizing module 'BtnDebouncer' (2#1) [C:/Users/kccistc/Downloads/0715_mini_Project_final/0715_mini_Project_final.srcs/sources_1/imports/maincontroller/BtnDebouncer.sv:3]
INFO: [Synth 8-6157] synthesizing module 'MainController' [C:/Users/kccistc/Downloads/0715_mini_Project_final/0715_mini_Project_final.srcs/sources_1/imports/uart receiver/MainController.sv:3]
INFO: [Synth 8-6157] synthesizing module 'MainControl' [C:/Users/kccistc/Downloads/0715_mini_Project_final/0715_mini_Project_final.srcs/sources_1/imports/maincontroller/MainControl.sv:3]
	Parameter IDLE bound to: 3'b000 
	Parameter SELECT bound to: 3'b001 
	Parameter READY bound to: 3'b010 
	Parameter GAME_CONT bound to: 3'b011 
	Parameter CAPTURE bound to: 3'b100 
	Parameter DONE bound to: 3'b101 
	Parameter TIME_3SEC bound to: 28'b0001111000011010001100000000 
INFO: [Synth 8-6155] done synthesizing module 'MainControl' (3#1) [C:/Users/kccistc/Downloads/0715_mini_Project_final/0715_mini_Project_final.srcs/sources_1/imports/maincontroller/MainControl.sv:3]
INFO: [Synth 8-6157] synthesizing module 'top_game' [C:/Users/kccistc/Downloads/0715_mini_Project_final/0715_mini_Project_final.srcs/sources_1/imports/uart receiver/top_module.sv:3]
INFO: [Synth 8-6157] synthesizing module 'line_count' [C:/Users/kccistc/Downloads/0715_mini_Project_final/0715_mini_Project_final.srcs/sources_1/imports/uart receiver/linecounter.sv:3]
	Parameter LINE_VALUE bound to: 2'b11 
INFO: [Synth 8-6155] done synthesizing module 'line_count' (4#1) [C:/Users/kccistc/Downloads/0715_mini_Project_final/0715_mini_Project_final.srcs/sources_1/imports/uart receiver/linecounter.sv:3]
ERROR: [Synth 8-448] named port connection 'o_lcnt3' does not exist for instance 'U_LINE_COUNT' of module 'line_count' [C:/Users/kccistc/Downloads/0715_mini_Project_final/0715_mini_Project_final.srcs/sources_1/imports/uart receiver/top_module.sv:116]
INFO: [Synth 8-6157] synthesizing module 'GameResult' [C:/Users/kccistc/Downloads/0715_mini_Project_final/0715_mini_Project_final.srcs/sources_1/imports/maincontroller/GameResult.sv:3]
	Parameter JUDGE_LINE bound to: 32'sb00000000000000000000000110100100 
	Parameter JUDGE_GOOD_HALF bound to: 32'sb00000000000000000000000000010100 
INFO: [Synth 8-6157] synthesizing module 'slot_fsm' [C:/Users/kccistc/Downloads/0715_mini_Project_final/0715_mini_Project_final.srcs/sources_1/imports/maincontroller/GameResult.sv:340]
	Parameter LINE bound to: 32'sb00000000000000000000000110100100 
	Parameter PERFECT_HALF bound to: 32'sb00000000000000000000000000001010 
	Parameter GOOD_HALF bound to: 32'sb00000000000000000000000000010100 
INFO: [Synth 8-226] default block is never used [C:/Users/kccistc/Downloads/0715_mini_Project_final/0715_mini_Project_final.srcs/sources_1/imports/maincontroller/GameResult.sv:436]
ERROR: [Synth 8-6156] failed synthesizing module 'slot_fsm' [C:/Users/kccistc/Downloads/0715_mini_Project_final/0715_mini_Project_final.srcs/sources_1/imports/maincontroller/GameResult.sv:340]
ERROR: [Synth 8-196] conditional expression could not be resolved to a constant [C:/Users/kccistc/Downloads/0715_mini_Project_final/0715_mini_Project_final.srcs/sources_1/imports/maincontroller/GameResult.sv:238]
ERROR: [Synth 8-6156] failed synthesizing module 'GameResult' [C:/Users/kccistc/Downloads/0715_mini_Project_final/0715_mini_Project_final.srcs/sources_1/imports/maincontroller/GameResult.sv:3]
ERROR: [Synth 8-6156] failed synthesizing module 'top_game' [C:/Users/kccistc/Downloads/0715_mini_Project_final/0715_mini_Project_final.srcs/sources_1/imports/uart receiver/top_module.sv:3]
ERROR: [Synth 8-6156] failed synthesizing module 'MainController' [C:/Users/kccistc/Downloads/0715_mini_Project_final/0715_mini_Project_final.srcs/sources_1/imports/uart receiver/MainController.sv:3]
ERROR: [Synth 8-6156] failed synthesizing module 'top' [C:/Users/kccistc/Downloads/0715_mini_Project_final/0715_mini_Project_final.srcs/sources_1/imports/uart receiver/top.sv:3]
---------------------------------------------------------------------------------
Finished RTL Elaboration : Time (s): cpu = 00:00:05 ; elapsed = 00:00:06 . Memory (MB): peak = 3345.148 ; gain = 314.988
---------------------------------------------------------------------------------
RTL Elaboration failed
15 Infos, 1 Warnings, 0 Critical Warnings and 8 Errors encountered.
synth_design failed
ERROR: [Vivado_Tcl 4-5] Elaboration failed - please see the console for details
synth_design -rtl -rtl_skip_mlo -name rtl_1
Command: synth_design -rtl -rtl_skip_mlo -name rtl_1
Starting synth_design
Using part: xc7a35tcpg236-1
Top: top
WARNING: [Synth 8-2292] literal value truncated to fit in 28 bits [C:/Users/kccistc/Downloads/0715_mini_Project_final/0715_mini_Project_final.srcs/sources_1/imports/maincontroller/MainControl.sv:32]
---------------------------------------------------------------------------------
Starting RTL Elaboration : Time (s): cpu = 00:00:02 ; elapsed = 00:00:02 . Memory (MB): peak = 3365.008 ; gain = 15.859
---------------------------------------------------------------------------------
INFO: [Synth 8-6157] synthesizing module 'top' [C:/Users/kccistc/Downloads/0715_mini_Project_final/0715_mini_Project_final.srcs/sources_1/imports/uart receiver/top.sv:3]
INFO: [Synth 8-6157] synthesizing module 'clk_wiz_0' [C:/Users/kccistc/Downloads/0715_mini_Project_final/.Xil/Vivado-7240-DESKTOP-7CFQ9ND/realtime/clk_wiz_0_stub.v:5]
INFO: [Synth 8-6155] done synthesizing module 'clk_wiz_0' (1#1) [C:/Users/kccistc/Downloads/0715_mini_Project_final/.Xil/Vivado-7240-DESKTOP-7CFQ9ND/realtime/clk_wiz_0_stub.v:5]
INFO: [Synth 8-6157] synthesizing module 'BtnDebouncer' [C:/Users/kccistc/Downloads/0715_mini_Project_final/0715_mini_Project_final.srcs/sources_1/imports/maincontroller/BtnDebouncer.sv:3]
	Parameter CNT_MAX bound to: 250000 - type: integer 
INFO: [Synth 8-6155] done synthesizing module 'BtnDebouncer' (2#1) [C:/Users/kccistc/Downloads/0715_mini_Project_final/0715_mini_Project_final.srcs/sources_1/imports/maincontroller/BtnDebouncer.sv:3]
INFO: [Synth 8-6157] synthesizing module 'MainController' [C:/Users/kccistc/Downloads/0715_mini_Project_final/0715_mini_Project_final.srcs/sources_1/imports/uart receiver/MainController.sv:3]
INFO: [Synth 8-6157] synthesizing module 'MainControl' [C:/Users/kccistc/Downloads/0715_mini_Project_final/0715_mini_Project_final.srcs/sources_1/imports/maincontroller/MainControl.sv:3]
	Parameter IDLE bound to: 3'b000 
	Parameter SELECT bound to: 3'b001 
	Parameter READY bound to: 3'b010 
	Parameter GAME_CONT bound to: 3'b011 
	Parameter CAPTURE bound to: 3'b100 
	Parameter DONE bound to: 3'b101 
	Parameter TIME_3SEC bound to: 28'b0001111000011010001100000000 
INFO: [Synth 8-6155] done synthesizing module 'MainControl' (3#1) [C:/Users/kccistc/Downloads/0715_mini_Project_final/0715_mini_Project_final.srcs/sources_1/imports/maincontroller/MainControl.sv:3]
INFO: [Synth 8-6157] synthesizing module 'top_game' [C:/Users/kccistc/Downloads/0715_mini_Project_final/0715_mini_Project_final.srcs/sources_1/imports/uart receiver/top_module.sv:3]
INFO: [Synth 8-6157] synthesizing module 'line_count' [C:/Users/kccistc/Downloads/0715_mini_Project_final/0715_mini_Project_final.srcs/sources_1/imports/uart receiver/linecounter.sv:3]
	Parameter LINE_VALUE bound to: 2'b11 
INFO: [Synth 8-6155] done synthesizing module 'line_count' (4#1) [C:/Users/kccistc/Downloads/0715_mini_Project_final/0715_mini_Project_final.srcs/sources_1/imports/uart receiver/linecounter.sv:3]
INFO: [Synth 8-6157] synthesizing module 'GameResult' [C:/Users/kccistc/Downloads/0715_mini_Project_final/0715_mini_Project_final.srcs/sources_1/imports/maincontroller/GameResult.sv:3]
	Parameter JUDGE_LINE bound to: 32'sb00000000000000000000000110100100 
	Parameter JUDGE_GOOD_HALF bound to: 32'sb00000000000000000000000000010100 
INFO: [Synth 8-6157] synthesizing module 'slot_fsm' [C:/Users/kccistc/Downloads/0715_mini_Project_final/0715_mini_Project_final.srcs/sources_1/imports/maincontroller/GameResult.sv:340]
	Parameter LINE bound to: 32'sb00000000000000000000000110100100 
	Parameter PERFECT_HALF bound to: 32'sb00000000000000000000000000001010 
	Parameter GOOD_HALF bound to: 32'sb00000000000000000000000000010100 
INFO: [Synth 8-226] default block is never used [C:/Users/kccistc/Downloads/0715_mini_Project_final/0715_mini_Project_final.srcs/sources_1/imports/maincontroller/GameResult.sv:436]
INFO: [Synth 8-6155] done synthesizing module 'slot_fsm' (5#1) [C:/Users/kccistc/Downloads/0715_mini_Project_final/0715_mini_Project_final.srcs/sources_1/imports/maincontroller/GameResult.sv:340]
INFO: [Synth 8-6155] done synthesizing module 'GameResult' (6#1) [C:/Users/kccistc/Downloads/0715_mini_Project_final/0715_mini_Project_final.srcs/sources_1/imports/maincontroller/GameResult.sv:3]
INFO: [Synth 8-6157] synthesizing module 'score' [C:/Users/kccistc/Downloads/0715_mini_Project_final/0715_mini_Project_final.srcs/sources_1/imports/maincontroller/score.sv:3]
INFO: [Synth 8-155] case statement is not full and has no default [C:/Users/kccistc/Downloads/0715_mini_Project_final/0715_mini_Project_final.srcs/sources_1/imports/maincontroller/score.sv:56]
INFO: [Synth 8-6155] done synthesizing module 'score' (7#1) [C:/Users/kccistc/Downloads/0715_mini_Project_final/0715_mini_Project_final.srcs/sources_1/imports/maincontroller/score.sv:3]
INFO: [Synth 8-6155] done synthesizing module 'top_game' (8#1) [C:/Users/kccistc/Downloads/0715_mini_Project_final/0715_mini_Project_final.srcs/sources_1/imports/uart receiver/top_module.sv:3]
INFO: [Synth 8-6155] done synthesizing module 'MainController' (9#1) [C:/Users/kccistc/Downloads/0715_mini_Project_final/0715_mini_Project_final.srcs/sources_1/imports/uart receiver/MainController.sv:3]
INFO: [Synth 8-6157] synthesizing module 'sender' [C:/Users/kccistc/Downloads/0715_mini_Project_final/0715_mini_Project_final.srcs/sources_1/imports/vga1/sender.sv:3]
	Parameter CLK_FREQ bound to: 100000000 - type: integer 
	Parameter BAUD_RATE bound to: 115200 - type: integer 
INFO: [Synth 8-6157] synthesizing module 'fifo' [C:/Users/kccistc/Downloads/0715_mini_Project_final/0715_mini_Project_final.srcs/sources_1/imports/vga1/sender.sv:299]
	Parameter DEPTH bound to: 32 - type: integer 
	Parameter BIT_WIDTH bound to: 8 - type: integer 
INFO: [Synth 8-6157] synthesizing module 'register_file' [C:/Users/kccistc/Downloads/0715_mini_Project_final/0715_mini_Project_final.srcs/sources_1/imports/vga1/sender.sv:341]
	Parameter DEPTH bound to: 32 - type: integer 
	Parameter BIT_WIDTH bound to: 8 - type: integer 
INFO: [Synth 8-6155] done synthesizing module 'register_file' (10#1) [C:/Users/kccistc/Downloads/0715_mini_Project_final/0715_mini_Project_final.srcs/sources_1/imports/vga1/sender.sv:341]
INFO: [Synth 8-6157] synthesizing module 'control_unit' [C:/Users/kccistc/Downloads/0715_mini_Project_final/0715_mini_Project_final.srcs/sources_1/imports/vga1/sender.sv:372]
	Parameter DEPTH bound to: 32 - type: integer 
INFO: [Synth 8-294] found qualifier unique on case statement: implementing as parallel_case [C:/Users/kccistc/Downloads/0715_mini_Project_final/0715_mini_Project_final.srcs/sources_1/imports/vga1/sender.sv:417]
INFO: [Synth 8-6155] done synthesizing module 'control_unit' (11#1) [C:/Users/kccistc/Downloads/0715_mini_Project_final/0715_mini_Project_final.srcs/sources_1/imports/vga1/sender.sv:372]
INFO: [Synth 8-6155] done synthesizing module 'fifo' (12#1) [C:/Users/kccistc/Downloads/0715_mini_Project_final/0715_mini_Project_final.srcs/sources_1/imports/vga1/sender.sv:299]
INFO: [Synth 8-6157] synthesizing module 'uart_tx' [C:/Users/kccistc/Downloads/0715_mini_Project_final/0715_mini_Project_final.srcs/sources_1/imports/vga1/sender.sv:209]
	Parameter CLK_FREQ bound to: 100000000 - type: integer 
	Parameter BAUD_RATE bound to: 115200 - type: integer 
	Parameter CLKS_PER_BIT bound to: 868 - type: integer 
	Parameter S_IDLE bound to: 2'b00 
	Parameter S_START bound to: 2'b01 
	Parameter S_DATA bound to: 2'b10 
	Parameter S_STOP bound to: 2'b11 
INFO: [Synth 8-226] default block is never used [C:/Users/kccistc/Downloads/0715_mini_Project_final/0715_mini_Project_final.srcs/sources_1/imports/vga1/sender.sv:244]
INFO: [Synth 8-6155] done synthesizing module 'uart_tx' (13#1) [C:/Users/kccistc/Downloads/0715_mini_Project_final/0715_mini_Project_final.srcs/sources_1/imports/vga1/sender.sv:209]
INFO: [Synth 8-6155] done synthesizing module 'sender' (14#1) [C:/Users/kccistc/Downloads/0715_mini_Project_final/0715_mini_Project_final.srcs/sources_1/imports/vga1/sender.sv:3]
INFO: [Synth 8-6157] synthesizing module 'receiver' [C:/Users/kccistc/Downloads/0715_mini_Project_final/0715_mini_Project_final.srcs/sources_1/imports/uart receiver/receiver.sv:4]
INFO: [Synth 8-6157] synthesizing module 'uart_rx' [C:/Users/kccistc/Downloads/0715_mini_Project_final/0715_mini_Project_final.srcs/sources_1/imports/uart receiver/uart_rx.sv:4]
	Parameter CLK_FREQ bound to: 100000000 - type: integer 
	Parameter BAUD_RATE bound to: 115200 - type: integer 
	Parameter CLKS_PER_BIT bound to: 868 - type: integer 
	Parameter HALF_BIT bound to: 434 - type: integer 
	Parameter S_IDLE bound to: 2'b00 
	Parameter S_START bound to: 2'b01 
	Parameter S_DATA bound to: 2'b10 
	Parameter S_STOP bound to: 2'b11 
INFO: [Synth 8-226] default block is never used [C:/Users/kccistc/Downloads/0715_mini_Project_final/0715_mini_Project_final.srcs/sources_1/imports/uart receiver/uart_rx.sv:52]
INFO: [Synth 8-6155] done synthesizing module 'uart_rx' (15#1) [C:/Users/kccistc/Downloads/0715_mini_Project_final/0715_mini_Project_final.srcs/sources_1/imports/uart receiver/uart_rx.sv:4]
INFO: [Synth 8-6155] done synthesizing module 'receiver' (16#1) [C:/Users/kccistc/Downloads/0715_mini_Project_final/0715_mini_Project_final.srcs/sources_1/imports/uart receiver/receiver.sv:4]
INFO: [Synth 8-6157] synthesizing module 'VGAcam' [C:/Users/kccistc/Downloads/0715_mini_Project_final/0715_mini_Project_final.srcs/sources_1/imports/VGA/VGAcam.sv:3]
WARNING: [Synth 8-6104] Input port 'clk_100M' has an internal driver [C:/Users/kccistc/Downloads/0715_mini_Project_final/0715_mini_Project_final.srcs/sources_1/imports/VGA/VGAcam.sv:75]
WARNING: [Synth 8-6104] Input port 'clk_25M' has an internal driver [C:/Users/kccistc/Downloads/0715_mini_Project_final/0715_mini_Project_final.srcs/sources_1/imports/VGA/VGAcam.sv:76]
INFO: [Synth 8-6157] synthesizing module 'OV7670_SCCB_Controller' [C:/Users/kccistc/Downloads/0715_mini_Project_final/0715_mini_Project_final.srcs/sources_1/imports/VGA/OV7670_SCCB_Controller.sv:1]
	Parameter hstart bound to: 168 - type: integer 
	Parameter hstop bound to: 24 - type: integer 
	Parameter vstart bound to: 12 - type: integer 
	Parameter vstop bound to: 492 - type: integer 
	Parameter HSTART bound to: 21 - type: integer 
	Parameter HSTOP bound to: 3 - type: integer 
	Parameter HREF bound to: 0 - type: integer 
	Parameter VSTART bound to: 3 - type: integer 
	Parameter VSTOP bound to: 123 - type: integer 
	Parameter VREF bound to: 0 - type: integer 
	Parameter AutoExposureMode_EN bound to: 1 - type: integer 
	Parameter AutoGainMode_EN bound to: 1 - type: integer 
	Parameter BRIGHTNESS bound to: 128 - type: integer 
	Parameter IDLE bound to: 0 - type: integer 
	Parameter ResetSW bound to: 1 - type: integer 
	Parameter ShowColorBar bound to: 2 - type: integer 
	Parameter AutoExposureMode bound to: 3 - type: integer 
	Parameter SetBrightness bound to: 4 - type: integer 
	Parameter AutoGainMode bound to: 5 - type: integer 
	Parameter P1 bound to: 1 - type: integer 
	Parameter P2 bound to: 2 - type: integer 
	Parameter P3 bound to: 3 - type: integer 
	Parameter P4 bound to: 4 - type: integer 
	Parameter P5 bound to: 5 - type: integer 
	Parameter P6 bound to: 6 - type: integer 
	Parameter P7 bound to: 7 - type: integer 
	Parameter P8 bound to: 8 - type: integer 
	Parameter P9 bound to: 9 - type: integer 
	Parameter WRITE bound to: 10 - type: integer 
	Parameter READ1 bound to: 11 - type: integer 
	Parameter READ2 bound to: 12 - type: integer 
	Parameter DONE bound to: 13 - type: integer 
	Parameter ROM_DEPTH bound to: 70 - type: integer 
INFO: [Synth 8-3876] $readmem data file 'OV7670setting.mem' is read successfully [C:/Users/kccistc/Downloads/0715_mini_Project_final/0715_mini_Project_final.srcs/sources_1/imports/VGA/OV7670_SCCB_Controller.sv:75]
INFO: [Synth 8-155] case statement is not full and has no default [C:/Users/kccistc/Downloads/0715_mini_Project_final/0715_mini_Project_final.srcs/sources_1/imports/VGA/OV7670_SCCB_Controller.sv:116]
INFO: [Synth 8-155] case statement is not full and has no default [C:/Users/kccistc/Downloads/0715_mini_Project_final/0715_mini_Project_final.srcs/sources_1/imports/VGA/OV7670_SCCB_Controller.sv:254]
INFO: [Synth 8-155] case statement is not full and has no default [C:/Users/kccistc/Downloads/0715_mini_Project_final/0715_mini_Project_final.srcs/sources_1/imports/VGA/OV7670_SCCB_Controller.sv:266]
INFO: [Synth 8-155] case statement is not full and has no default [C:/Users/kccistc/Downloads/0715_mini_Project_final/0715_mini_Project_final.srcs/sources_1/imports/VGA/OV7670_SCCB_Controller.sv:349]
INFO: [Synth 8-155] case statement is not full and has no default [C:/Users/kccistc/Downloads/0715_mini_Project_final/0715_mini_Project_final.srcs/sources_1/imports/VGA/OV7670_SCCB_Controller.sv:381]
INFO: [Synth 8-155] case statement is not full and has no default [C:/Users/kccistc/Downloads/0715_mini_Project_final/0715_mini_Project_final.srcs/sources_1/imports/VGA/OV7670_SCCB_Controller.sv:99]
INFO: [Synth 8-6157] synthesizing module 'SCCB_sender' [C:/Users/kccistc/Downloads/0715_mini_Project_final/0715_mini_Project_final.srcs/sources_1/imports/VGA/SCCB_sender.sv:1]
	Parameter IP_ADDR bound to: 7'b0100001 
INFO: [Synth 8-155] case statement is not full and has no default [C:/Users/kccistc/Downloads/0715_mini_Project_final/0715_mini_Project_final.srcs/sources_1/imports/VGA/SCCB_sender.sv:44]
INFO: [Synth 8-6157] synthesizing module 'I2C_Master' [C:/Users/kccistc/Downloads/0715_mini_Project_final/0715_mini_Project_final.srcs/sources_1/imports/VGA/i2c_master.sv:3]
INFO: [Synth 8-6157] synthesizing module 'i2c_master' [C:/Users/kccistc/Downloads/0715_mini_Project_final/0715_mini_Project_final.srcs/sources_1/imports/VGA/i2c_master.sv:36]
INFO: [Synth 8-6155] done synthesizing module 'i2c_master' (17#1) [C:/Users/kccistc/Downloads/0715_mini_Project_final/0715_mini_Project_final.srcs/sources_1/imports/VGA/i2c_master.sv:36]
INFO: [Synth 8-6155] done synthesizing module 'I2C_Master' (18#1) [C:/Users/kccistc/Downloads/0715_mini_Project_final/0715_mini_Project_final.srcs/sources_1/imports/VGA/i2c_master.sv:3]
INFO: [Synth 8-6155] done synthesizing module 'SCCB_sender' (19#1) [C:/Users/kccistc/Downloads/0715_mini_Project_final/0715_mini_Project_final.srcs/sources_1/imports/VGA/SCCB_sender.sv:1]
INFO: [Synth 8-6155] done synthesizing module 'OV7670_SCCB_Controller' (20#1) [C:/Users/kccistc/Downloads/0715_mini_Project_final/0715_mini_Project_final.srcs/sources_1/imports/VGA/OV7670_SCCB_Controller.sv:1]
INFO: [Synth 8-6157] synthesizing module 'VGA_Decoder' [C:/Users/kccistc/Downloads/0715_mini_Project_final/0715_mini_Project_final.srcs/sources_1/imports/VGA/VGA_Decoder.sv:2]
INFO: [Synth 8-6157] synthesizing module 'pclk_gen' [C:/Users/kccistc/Downloads/0715_mini_Project_final/0715_mini_Project_final.srcs/sources_1/imports/VGA/VGA_Decoder.sv:46]
INFO: [Synth 8-6155] done synthesizing module 'pclk_gen' (21#1) [C:/Users/kccistc/Downloads/0715_mini_Project_final/0715_mini_Project_final.srcs/sources_1/imports/VGA/VGA_Decoder.sv:46]
INFO: [Synth 8-6157] synthesizing module 'pixel_counter' [C:/Users/kccistc/Downloads/0715_mini_Project_final/0715_mini_Project_final.srcs/sources_1/imports/VGA/VGA_Decoder.sv:69]
	Parameter H_MAX bound to: 800 - type: integer 
	Parameter V_MAX bound to: 525 - type: integer 
INFO: [Synth 8-6155] done synthesizing module 'pixel_counter' (22#1) [C:/Users/kccistc/Downloads/0715_mini_Project_final/0715_mini_Project_final.srcs/sources_1/imports/VGA/VGA_Decoder.sv:69]
INFO: [Synth 8-6157] synthesizing module 'vga_decoder' [C:/Users/kccistc/Downloads/0715_mini_Project_final/0715_mini_Project_final.srcs/sources_1/imports/VGA/VGA_Decoder.sv:109]
	Parameter H_Visible_area bound to: 640 - type: integer 
	Parameter H_Front_porch bound to: 16 - type: integer 
	Parameter H_Sync_pulse bound to: 96 - type: integer 
	Parameter H_Back_porch bound to: 48 - type: integer 
	Parameter H_Whole_line bound to: 800 - type: integer 
	Parameter V_Visible_area bound to: 480 - type: integer 
	Parameter V_Front_porch bound to: 10 - type: integer 
	Parameter V_Sync_pulse bound to: 2 - type: integer 
	Parameter V_Back_porch bound to: 33 - type: integer 
	Parameter V_Whole_frame bound to: 525 - type: integer 
INFO: [Synth 8-6155] done synthesizing module 'vga_decoder' (23#1) [C:/Users/kccistc/Downloads/0715_mini_Project_final/0715_mini_Project_final.srcs/sources_1/imports/VGA/VGA_Decoder.sv:109]
INFO: [Synth 8-6155] done synthesizing module 'VGA_Decoder' (24#1) [C:/Users/kccistc/Downloads/0715_mini_Project_final/0715_mini_Project_final.srcs/sources_1/imports/VGA/VGA_Decoder.sv:2]
INFO: [Synth 8-6157] synthesizing module 'OV7670MemController' [C:/Users/kccistc/Downloads/0715_mini_Project_final/0715_mini_Project_final.srcs/sources_1/imports/VGA/OV7670MemController.sv:3]
INFO: [Synth 8-6155] done synthesizing module 'OV7670MemController' (25#1) [C:/Users/kccistc/Downloads/0715_mini_Project_final/0715_mini_Project_final.srcs/sources_1/imports/VGA/OV7670MemController.sv:3]
INFO: [Synth 8-6157] synthesizing module 'frameBuffer_CAM0' [C:/Users/kccistc/Downloads/0715_mini_Project_final/0715_mini_Project_final.srcs/sources_1/imports/vga1/frameBuffer.sv:1]
INFO: [Synth 8-6155] done synthesizing module 'frameBuffer_CAM0' (26#1) [C:/Users/kccistc/Downloads/0715_mini_Project_final/0715_mini_Project_final.srcs/sources_1/imports/vga1/frameBuffer.sv:1]
INFO: [Synth 8-6157] synthesizing module 'framePrinter' [C:/Users/kccistc/Downloads/0715_mini_Project_final/0715_mini_Project_final.srcs/sources_1/imports/VGA/framePrinter.sv:3]
INFO: [Synth 8-6157] synthesizing module 'RegionDetector' [C:/Users/kccistc/Downloads/0715_mini_Project_final/0715_mini_Project_final.srcs/sources_1/imports/VGA/Region_Detector.sv:1]
	Parameter TARGET_PX bound to: 50 - type: integer 
	Parameter X_PX bound to: 320 - type: integer 
	Parameter Y_PX bound to: 240 - type: integer 
	Parameter TOT_PX bound to: 76800 - type: integer 
	Parameter IDLE bound to: 0 - type: integer 
	Parameter SCAN bound to: 1 - type: integer 
	Parameter DECISION bound to: 2 - type: integer 
INFO: [Synth 8-155] case statement is not full and has no default [C:/Users/kccistc/Downloads/0715_mini_Project_final/0715_mini_Project_final.srcs/sources_1/imports/VGA/Region_Detector.sv:64]
INFO: [Synth 8-6155] done synthesizing module 'RegionDetector' (27#1) [C:/Users/kccistc/Downloads/0715_mini_Project_final/0715_mini_Project_final.srcs/sources_1/imports/VGA/Region_Detector.sv:1]
INFO: [Synth 8-6157] synthesizing module 'frameController' [C:/Users/kccistc/Downloads/0715_mini_Project_final/0715_mini_Project_final.srcs/sources_1/imports/vga1/frameController.sv:1]
INFO: [Synth 8-6157] synthesizing module 'Filter_Region' [C:/Users/kccistc/Downloads/0715_mini_Project_final/0715_mini_Project_final.srcs/sources_1/imports/vga1/frameController.sv:121]
INFO: [Synth 8-6155] done synthesizing module 'Filter_Region' (28#1) [C:/Users/kccistc/Downloads/0715_mini_Project_final/0715_mini_Project_final.srcs/sources_1/imports/vga1/frameController.sv:121]
INFO: [Synth 8-6157] synthesizing module 'Filter_NOTE' [C:/Users/kccistc/Downloads/0715_mini_Project_final/0715_mini_Project_final.srcs/sources_1/imports/vga1/frameController.sv:187]
INFO: [Synth 8-6155] done synthesizing module 'Filter_NOTE' (29#1) [C:/Users/kccistc/Downloads/0715_mini_Project_final/0715_mini_Project_final.srcs/sources_1/imports/vga1/frameController.sv:187]
INFO: [Synth 8-6157] synthesizing module 'Filter_GAME' [C:/Users/kccistc/Downloads/0715_mini_Project_final/0715_mini_Project_final.srcs/sources_1/imports/vga1/frameController.sv:352]
INFO: [Synth 8-6155] done synthesizing module 'Filter_GAME' (30#1) [C:/Users/kccistc/Downloads/0715_mini_Project_final/0715_mini_Project_final.srcs/sources_1/imports/vga1/frameController.sv:352]
INFO: [Synth 8-6155] done synthesizing module 'frameController' (31#1) [C:/Users/kccistc/Downloads/0715_mini_Project_final/0715_mini_Project_final.srcs/sources_1/imports/vga1/frameController.sv:1]
INFO: [Synth 8-6155] done synthesizing module 'framePrinter' (32#1) [C:/Users/kccistc/Downloads/0715_mini_Project_final/0715_mini_Project_final.srcs/sources_1/imports/VGA/framePrinter.sv:3]
INFO: [Synth 8-6155] done synthesizing module 'VGAcam' (33#1) [C:/Users/kccistc/Downloads/0715_mini_Project_final/0715_mini_Project_final.srcs/sources_1/imports/VGA/VGAcam.sv:3]
INFO: [Synth 8-6155] done synthesizing module 'top' (34#1) [C:/Users/kccistc/Downloads/0715_mini_Project_final/0715_mini_Project_final.srcs/sources_1/imports/uart receiver/top.sv:3]
---------------------------------------------------------------------------------
Finished RTL Elaboration : Time (s): cpu = 00:00:03 ; elapsed = 00:00:04 . Memory (MB): peak = 3405.410 ; gain = 56.262
---------------------------------------------------------------------------------
CRITICAL WARNING: [Synth 8-6859] multi-driven net on pin xclk with 1st driver pin 'U_VGAcam/clk_div/clk_25M' [C:/Users/kccistc/Downloads/0715_mini_Project_final/0715_mini_Project_final.srcs/sources_1/imports/VGA/VGAcam.sv:74]
CRITICAL WARNING: [Synth 8-6859] multi-driven net on pin xclk with 2nd driver pin 'instance_name/clk_25M' [C:/Users/kccistc/Downloads/0715_mini_Project_final/0715_mini_Project_final.srcs/sources_1/imports/uart receiver/top.sv:104]

Report Check Netlist: 
+------+------------------+-------+---------+-------+------------------+
|      |Item              |Errors |Warnings |Status |Description       |
+------+------------------+-------+---------+-------+------------------+
|1     |multi_driven_nets |      0|        1|Failed |Multi driven nets |
+------+------------------+-------+---------+-------+------------------+
---------------------------------------------------------------------------------
Start Handling Custom Attributes
---------------------------------------------------------------------------------
---------------------------------------------------------------------------------
Finished Handling Custom Attributes : Time (s): cpu = 00:00:03 ; elapsed = 00:00:04 . Memory (MB): peak = 3405.438 ; gain = 56.289
---------------------------------------------------------------------------------
---------------------------------------------------------------------------------
Finished RTL Optimization Phase 1 : Time (s): cpu = 00:00:03 ; elapsed = 00:00:04 . Memory (MB): peak = 3405.438 ; gain = 56.289
---------------------------------------------------------------------------------
INFO: [Project 1-454] Reading design checkpoint 'c:/Users/kccistc/Downloads/0715_mini_Project_final/0715_mini_Project_final.gen/sources_1/ip/clk_wiz_0/clk_wiz_0.dcp' for cell 'instance_name'
Netlist sorting complete. Time (s): cpu = 00:00:00 ; elapsed = 00:00:00.030 . Memory (MB): peak = 3427.031 ; gain = 0.000
INFO: [Netlist 29-17] Analyzing 2 Unisim elements for replacement
INFO: [Netlist 29-28] Unisim Transformation completed in 0 CPU seconds
INFO: [Project 1-479] Netlist was created with Vivado 2020.2
INFO: [Project 1-570] Preparing netlist for logic optimization
WARNING: [Constraints 18-550] Could not create 'IBUF_LOW_PWR' constraint because net 'U_VGAcam/clk_div/clk_in1' is not directly connected to top level port. Synthesis is ignored for IBUF_LOW_PWR but preserved for implementation.

Processing XDC Constraints
Initializing timing engine
Parsing XDC File [c:/Users/kccistc/Downloads/0715_mini_Project_final/0715_mini_Project_final.gen/sources_1/ip/clk_wiz_0/clk_wiz_0_board.xdc] for cell 'U_VGAcam/clk_div/inst'
CRITICAL WARNING: [Netlist 29-160] Cannot set property 'BOARD_PIN', because the property does not exist for objects of type 'pin'. [c:/Users/kccistc/Downloads/0715_mini_Project_final/0715_mini_Project_final.gen/sources_1/ip/clk_wiz_0/clk_wiz_0_board.xdc:3]
Resolution: Modify the set_property command to apply the property on the correct object type. Since the property is being applied as a scoped constraint, ensure the proper connectivity of the object port objects can be translated into pin objects. This could be due to the insertion of IO Buffers between the top level terminal and cell pin. If the goal is to apply constraints that will migrate to top level ports it is required that IO Buffers manually be instanced.
Finished Parsing XDC File [c:/Users/kccistc/Downloads/0715_mini_Project_final/0715_mini_Project_final.gen/sources_1/ip/clk_wiz_0/clk_wiz_0_board.xdc] for cell 'U_VGAcam/clk_div/inst'
Parsing XDC File [c:/Users/kccistc/Downloads/0715_mini_Project_final/0715_mini_Project_final.gen/sources_1/ip/clk_wiz_0/clk_wiz_0_board.xdc] for cell 'instance_name/inst'
Finished Parsing XDC File [c:/Users/kccistc/Downloads/0715_mini_Project_final/0715_mini_Project_final.gen/sources_1/ip/clk_wiz_0/clk_wiz_0_board.xdc] for cell 'instance_name/inst'
Parsing XDC File [c:/Users/kccistc/Downloads/0715_mini_Project_final/0715_mini_Project_final.gen/sources_1/ip/clk_wiz_0/clk_wiz_0.xdc] for cell 'U_VGAcam/clk_div/inst'
Finished Parsing XDC File [c:/Users/kccistc/Downloads/0715_mini_Project_final/0715_mini_Project_final.gen/sources_1/ip/clk_wiz_0/clk_wiz_0.xdc] for cell 'U_VGAcam/clk_div/inst'
Parsing XDC File [c:/Users/kccistc/Downloads/0715_mini_Project_final/0715_mini_Project_final.gen/sources_1/ip/clk_wiz_0/clk_wiz_0.xdc] for cell 'instance_name/inst'
Finished Parsing XDC File [c:/Users/kccistc/Downloads/0715_mini_Project_final/0715_mini_Project_final.gen/sources_1/ip/clk_wiz_0/clk_wiz_0.xdc] for cell 'instance_name/inst'
INFO: [Project 1-236] Implementation specific constraints were found while reading constraint file [c:/Users/kccistc/Downloads/0715_mini_Project_final/0715_mini_Project_final.gen/sources_1/ip/clk_wiz_0/clk_wiz_0.xdc]. These constraints will be ignored for synthesis but will be used in implementation. Impacted constraints are listed in the file [.Xil/top_propImpl.xdc].
Resolution: To avoid this warning, move constraints listed in [.Xil/top_propImpl.xdc] to another XDC file and exclude this new file from synthesis with the used_in_synthesis property (File Properties dialog in GUI) and re-run elaboration/synthesis.
INFO: [Timing 38-2] Deriving generated clocks
Parsing XDC File [C:/Users/kccistc/Downloads/0715_mini_Project_final/0715_mini_Project_final.srcs/constrs_1/imports/OnDeviceAI/Basys-3-Master.xdc]
Finished Parsing XDC File [C:/Users/kccistc/Downloads/0715_mini_Project_final/0715_mini_Project_final.srcs/constrs_1/imports/OnDeviceAI/Basys-3-Master.xdc]
Completed Processing XDC Constraints

Netlist sorting complete. Time (s): cpu = 00:00:00 ; elapsed = 00:00:00.001 . Memory (MB): peak = 3523.016 ; gain = 0.000
INFO: [Project 1-111] Unisim Transformation Summary:
No Unisim elements were transformed.

RTL Elaboration Complete:  : Time (s): cpu = 00:00:11 ; elapsed = 00:00:07 . Memory (MB): peak = 3653.215 ; gain = 304.066
90 Infos, 4 Warnings, 3 Critical Warnings and 0 Errors encountered.
synth_design completed successfully
synth_design: Time (s): cpu = 00:00:11 ; elapsed = 00:00:07 . Memory (MB): peak = 3653.215 ; gain = 307.836
reset_run synth_1
WARNING: [Vivado 12-1017] Problems encountered:
1. Failed to delete one or more files in run directory C:/Users/kccistc/Downloads/0715_mini_Project_final/0715_mini_Project_final.runs/synth_1

launch_runs impl_1 -to_step write_bitstream -jobs 8
[Wed Jul 15 16:21:47 2026] Launched synth_1...
Run output will be captured here: C:/Users/kccistc/Downloads/0715_mini_Project_final/0715_mini_Project_final.runs/synth_1/runme.log
[Wed Jul 15 16:21:48 2026] Launched impl_1...
Run output will be captured here: C:/Users/kccistc/Downloads/0715_mini_Project_final/0715_mini_Project_final.runs/impl_1/runme.log
reset_run synth_1
WARNING: [Vivado 12-1017] Problems encountered:
1. Failed to delete one or more files in run directory C:/Users/kccistc/Downloads/0715_mini_Project_final/0715_mini_Project_final.runs/synth_1

launch_runs impl_1 -to_step write_bitstream -jobs 8
[Wed Jul 15 16:24:15 2026] Launched synth_1...
Run output will be captured here: C:/Users/kccistc/Downloads/0715_mini_Project_final/0715_mini_Project_final.runs/synth_1/runme.log
[Wed Jul 15 16:24:15 2026] Launched impl_1...
Run output will be captured here: C:/Users/kccistc/Downloads/0715_mini_Project_final/0715_mini_Project_final.runs/impl_1/runme.log
set_property PROBES.FILE {} [get_hw_devices xc7a35t_0]
set_property FULL_PROBES.FILE {} [get_hw_devices xc7a35t_0]
set_property PROGRAM.FILE {C:/Users/kccistc/Downloads/0715_mini_Project_final/0715_mini_Project_final.runs/impl_1/top.bit} [get_hw_devices xc7a35t_0]
program_hw_devices [get_hw_devices xc7a35t_0]
INFO: [Labtools 27-3164] End of startup status: HIGH
refresh_hw_device [lindex [get_hw_devices xc7a35t_0] 0]
INFO: [Labtools 27-1434] Device xc7a35t (JTAG device index = 0) is programmed with a design that has no supported debug core(s) in it.
exit
INFO: [Common 17-206] Exiting Vivado at Wed Jul 15 16:50:45 2026...
